2026-04-20 09:16:21.788 INFO  com.hamradio.jhub.JHubMain — === j-Hub starting  [WM3j ARS Suite] ===
2026-04-20 09:16:21.842 INFO  com.hamradio.jhub.ConfigManager — Configuration loaded from /home/mike/ARS_Suite/j-log/j-hub.json
2026-04-20 09:16:21.843 INFO  com.hamradio.jhub.JHubMain — Config loaded — WS port 8080, web port 8081
2026-04-20 09:16:21.872 INFO  com.hamradio.jhub.SpotEnricher — DXCC prefix table loaded: 452 entries
2026-04-20 09:16:21.881 INFO  com.hamradio.jhub.JHubMain — WebSocket server listening on port 8080
2026-04-20 09:16:21.893 INFO  com.hamradio.jhub.JHubServer — JHubServer WebSocket listener started
2026-04-20 09:16:22.018 INFO  com.hamradio.jhub.WebConfigServer — Web config server started on port 8081
2026-04-20 09:16:22.019 INFO  com.hamradio.jhub.JHubMain — Web config UI at http://localhost:8081
2026-04-20 09:16:22.021 INFO  com.hamradio.jhub.JHubMain — Cluster autoConnect disabled — use Web Config UI to connect
2026-04-20 09:16:22.025 INFO  com.hamradio.jhub.JHubDiscovery — J-Hub discovery beacon started on UDP port 9999
2026-04-20 09:16:22.026 WARN  com.hamradio.jhub.JHubMain — No j-log command configured — logging engine not started
2026-04-20 09:16:22.027 INFO  com.hamradio.jhub.JHubMain — Rig backend is 'NONE' — Hamlib rig controller not started
2026-04-20 09:16:22.027 INFO  com.hamradio.jhub.JHubMain — Rotor backend is 'NONE' — Hamlib rotor controller not started
2026-04-20 09:16:22.028 INFO  com.hamradio.jhub.JHubMain — === j-Hub ready ===
2026-04-20 09:16:27.323 INFO  com.hamradio.jhub.JHubServer — New connection from /127.0.0.1:59658
2026-04-20 09:16:27.350 INFO  com.hamradio.jhub.JHubServer — App registered: logging-engine v1.0.0
2026-04-20 09:16:27.359 DEBUG com.hamradio.jhub.JHubServer — State replayed to 'logging-engine'
2026-04-20 09:16:27.962 INFO  com.hamradio.jhub.JHubServer — New connection from /127.0.0.1:59662
2026-04-20 09:16:27.964 INFO  com.hamradio.jhub.JHubServer — App registered: j-log v1.0.0
2026-04-20 09:16:27.969 DEBUG com.hamradio.jhub.JHubServer — State replayed to 'j-log'
2026-04-20 09:16:37.037 INFO  com.hamradio.jhub.JHubServer — App 'j-log' disconnected (code=1000, reason=)
2026-04-20 09:16:37.038 INFO  com.hamradio.jhub.MessageRouter — Routing: app 'j-log' removed
2026-04-20 09:16:37.041 INFO  com.hamradio.jhub.JHubServer — App 'logging-engine' disconnected (code=1006, reason=)
2026-04-20 09:16:37.042 INFO  com.hamradio.jhub.MessageRouter — Routing: app 'logging-engine' removed
2026-04-20 09:16:39.470 INFO  com.hamradio.jhub.JHubServer — New connection from /[0:0:0:0:0:0:0:1]:41476
2026-04-20 09:16:39.500 INFO  com.hamradio.jhub.JHubServer — App registered: webconfig v1.0.0
2026-04-20 09:16:39.502 DEBUG com.hamradio.jhub.JHubServer — State replayed to 'webconfig'
2026-04-20 09:17:09.643 INFO  com.hamradio.jhub.ConfigManager — Configuration saved to /home/mike/ARS_Suite/j-log/j-hub.json
2026-04-20 09:17:09.645 INFO  com.hamradio.jhub.ClusterManager — Cluster disconnected (executors kept alive — reconnect available)
2026-04-20 09:19:18.771 INFO  com.hamradio.jhub.ConfigManager — Configuration saved to /home/mike/ARS_Suite/j-log/j-hub.json
2026-04-20 09:20:42.110 INFO  com.hamradio.jhub.ConfigManager — Configuration saved to /home/mike/ARS_Suite/j-log/j-hub.json
2026-04-20 09:21:16.308 INFO  com.hamradio.jhub.JHubServer — New connection from /127.0.0.1:48056
2026-04-20 09:21:16.316 INFO  com.hamradio.jhub.JHubServer — App registered: logging-engine v1.0.0
2026-04-20 09:21:16.317 DEBUG com.hamradio.jhub.JHubServer — State replayed to 'logging-engine'
2026-04-20 09:21:16.858 INFO  com.hamradio.jhub.JHubServer — New connection from /127.0.0.1:48066
2026-04-20 09:21:16.859 INFO  com.hamradio.jhub.JHubServer — App registered: j-log v1.0.0
2026-04-20 09:21:16.862 DEBUG com.hamradio.jhub.JHubServer — State replayed to 'j-log'
2026-04-20 09:21:24.219 INFO  com.hamradio.jhub.ConfigManager — Configuration saved to /home/mike/ARS_Suite/j-log/j-hub.json
2026-04-20 09:21:24.220 INFO  com.hamradio.jhub.ClusterManager — Connecting to DX cluster dxc.n7tr.com:7300 …
2026-04-20 09:21:27.444 WARN  com.hamradio.jhub.ClusterManager — Cluster connection failed: No route to host — retrying in 5s
2026-04-20 09:21:32.445 INFO  com.hamradio.jhub.ClusterManager — Connecting to DX cluster dxc.n7tr.com:7300 …
2026-04-20 09:21:34.112 INFO  com.hamradio.jhub.JHubServer — New connection from /[0:0:0:0:0:0:0:1]:35356
2026-04-20 09:21:34.116 INFO  com.hamradio.jhub.JHubServer — App registered: webconfig v1.0.0
2026-04-20 09:21:34.122 DEBUG com.hamradio.jhub.JHubServer — State replayed to 'webconfig'
2026-04-20 09:21:35.572 WARN  com.hamradio.jhub.ClusterManager — Cluster connection failed: No route to host — retrying in 10s
2026-04-20 09:21:45.573 INFO  com.hamradio.jhub.ClusterManager — Connecting to DX cluster dxc.n7tr.com:7300 …
2026-04-20 09:21:48.719 WARN  com.hamradio.jhub.ClusterManager — Cluster connection failed: No route to host — retrying in 20s
2026-04-20 09:21:49.815 INFO  com.hamradio.jhub.ConfigManager — Configuration saved to /home/mike/ARS_Suite/j-log/j-hub.json
2026-04-20 09:21:50.816 INFO  com.hamradio.jhub.ClusterManager — Connecting to DX cluster 104.128.238.234:7300 …
2026-04-20 09:21:53.698 INFO  com.hamradio.jhub.ConfigManager — Configuration saved to /home/mike/ARS_Suite/j-log/j-hub.json
2026-04-20 09:22:05.086 INFO  com.hamradio.jhub.ConfigManager — Configuration saved to /home/mike/ARS_Suite/j-log/j-hub.json
2026-04-20 09:22:23.521 INFO  com.hamradio.jhub.JHubServer — App 'webconfig' disconnected (code=1006, reason=)
2026-04-20 09:22:23.521 INFO  com.hamradio.jhub.MessageRouter — Routing: app 'webconfig' removed
2026-04-20 09:22:27.013 INFO  com.hamradio.jhub.JHubServer — App 'webconfig' disconnected (code=1006, reason=)
2026-04-20 09:22:27.014 INFO  com.hamradio.jhub.MessageRouter — Routing: app 'webconfig' removed
2026-04-20 09:22:35.067 INFO  c.hamradio.jhub.ui.JHubStatusWindow — Closing DX telnet session before exit
2026-04-20 09:22:35.070 INFO  com.hamradio.jhub.ClusterManager — ClusterManager disconnected and stopped
2026-04-20 09:22:35.073 INFO  com.hamradio.jhub.JHubMain — Shutdown initiated ...
2026-04-20 09:22:35.074 INFO  com.hamradio.jhub.JHubMain — SHUTDOWN broadcast sent to all connected apps — waiting 750 ms
2026-04-20 09:22:35.083 INFO  com.hamradio.jhub.JHubServer — App 'j-log' disconnected (code=1000, reason=)
2026-04-20 09:22:35.084 INFO  com.hamradio.jhub.MessageRouter — Routing: app 'j-log' removed
2026-04-20 09:22:35.086 INFO  com.hamradio.jhub.JHubServer — App 'logging-engine' disconnected (code=1000, reason=)
2026-04-20 09:22:35.087 INFO  com.hamradio.jhub.MessageRouter — Routing: app 'logging-engine' removed
2026-04-20 09:22:35.827 INFO  c.h.jhub.HamlibRotorController — HamlibRotorController stopped
2026-04-20 09:22:35.828 INFO  c.hamradio.jhub.HamlibRigController — HamlibRigController stopped
2026-04-20 09:22:35.829 INFO  com.hamradio.jhub.ClusterManager — ClusterManager disconnected and stopped
2026-04-20 09:22:35.857 INFO  com.hamradio.jhub.JHubMain — J-Hub stopped.
