2026-04-15 06:15:09.085 INFO  com.hamradio.jhub.JHubMain — === j-Hub starting  [WM3j ARS Suite] ===
2026-04-15 06:15:09.145 INFO  com.hamradio.jhub.ConfigManager — Configuration loaded from /home/mike/ARS_Suite/j-hub/j-hub.json
2026-04-15 06:15:09.147 INFO  com.hamradio.jhub.JHubMain — Config loaded — WS port 8080, web port 8081
2026-04-15 06:15:09.174 INFO  com.hamradio.jhub.SpotEnricher — DXCC prefix table loaded: 452 entries
2026-04-15 06:15:09.179 INFO  com.hamradio.jhub.JHubMain — WebSocket server listening on port 8080
2026-04-15 06:15:09.197 INFO  com.hamradio.jhub.JHubServer — JHubServer WebSocket listener started
2026-04-15 06:15:09.306 INFO  com.hamradio.jhub.WebConfigServer — Web config server started on port 8081
2026-04-15 06:15:09.306 INFO  com.hamradio.jhub.JHubMain — Web config UI at http://localhost:8081
2026-04-15 06:15:09.308 INFO  com.hamradio.jhub.JHubMain — Cluster autoConnect disabled — use Web Config UI to connect
2026-04-15 06:15:09.313 INFO  com.hamradio.jhub.JHubDiscovery — J-Hub discovery beacon started on UDP port 9999
2026-04-15 06:15:09.322 INFO  com.hamradio.jhub.AppLauncher — Launched 'jMap' (pid 5423) — cd /home/mike/ARS_Suite/j-map && mvn javafx:run -q
2026-04-15 06:15:09.324 INFO  com.hamradio.jhub.AppLauncher — Launched 'j-log' (pid 5430) — bash /home/mike/ARS_Suite/j-log/run.sh
2026-04-15 06:15:09.326 INFO  com.hamradio.jhub.AppLauncher — Launched 'j-bridge' (pid 5433) — bash /home/mike/ARS_Suite/j-bridge/run.sh
2026-04-15 06:15:09.327 INFO  com.hamradio.jhub.JHubMain — === j-Hub ready ===
2026-04-15 06:15:14.331 INFO  com.hamradio.jhub.JHubServer — New connection from /127.0.0.1:60024
2026-04-15 06:15:14.338 INFO  com.hamradio.jhub.JHubServer — App registered: j-map v1.0.0
2026-04-15 06:15:14.341 DEBUG com.hamradio.jhub.JHubServer — State replayed to 'j-map'
2026-04-15 06:15:27.045 INFO  com.hamradio.jhub.JHubServer — New connection from /127.0.0.1:40810
2026-04-15 06:15:27.049 INFO  com.hamradio.jhub.JHubServer — App registered: j-log v1.0.0
2026-04-15 06:15:27.050 DEBUG com.hamradio.jhub.JHubServer — State replayed to 'j-log'
2026-04-15 06:15:37.215 INFO  com.hamradio.jhub.JHubServer — New connection from /[0:0:0:0:0:0:0:1]:55322
2026-04-15 06:15:37.226 INFO  com.hamradio.jhub.JHubServer — App registered: webconfig v1.0
2026-04-15 06:15:37.227 DEBUG com.hamradio.jhub.JHubServer — State replayed to 'webconfig'
2026-04-15 06:15:58.954 INFO  com.hamradio.jhub.ConfigManager — Configuration saved to /home/mike/ARS_Suite/j-hub/j-hub.json
2026-04-15 06:15:58.959 INFO  com.hamradio.jhub.AppLauncher — Launched 'j-bridge' (pid 5761) — bash /home/mike/ARS_Suite/j-bridge/run.sh
2026-04-15 06:16:05.322 INFO  com.hamradio.jhub.ConfigManager — Configuration saved to /home/mike/ARS_Suite/j-hub/j-hub.json
2026-04-15 06:16:05.327 INFO  com.hamradio.jhub.AppLauncher — Launched 'j-digi' (pid 5781) — bash /home/mike/ARS_Suite/j-digi/run.sh
2026-04-15 06:20:43.533 INFO  com.hamradio.jhub.JHubServer — New connection from /127.0.0.1:36722
2026-04-15 06:20:43.560 INFO  com.hamradio.jhub.JHubServer — App registered: jBridge v1.0.0
2026-04-15 06:20:43.563 DEBUG com.hamradio.jhub.JHubServer — State replayed to 'jBridge'
2026-04-15 06:24:02.038 INFO  com.hamradio.jhub.JHubServer — App 'jBridge' disconnected (code=1000, reason=)
2026-04-15 06:24:02.038 INFO  com.hamradio.jhub.MessageRouter — Routing: app 'jBridge' removed
2026-04-15 06:24:07.706 INFO  c.hamradio.jhub.ui.JHubStatusWindow — Closing DX telnet session before exit
2026-04-15 06:24:07.708 INFO  com.hamradio.jhub.ClusterManager — ClusterManager disconnected and stopped
2026-04-15 06:24:07.711 INFO  com.hamradio.jhub.JHubMain — Shutdown initiated ...
2026-04-15 06:24:07.712 INFO  com.hamradio.jhub.AppLauncher — Stopped 'jMap' during shutdown
2026-04-15 06:24:07.712 INFO  com.hamradio.jhub.AppLauncher — Stopped 'j-log' during shutdown
2026-04-15 06:24:07.717 INFO  com.hamradio.jhub.ClusterManager — ClusterManager disconnected and stopped
2026-04-15 06:24:07.733 INFO  com.hamradio.jhub.JHubServer — App 'j-log' disconnected (code=1001, reason=)
2026-04-15 06:24:07.733 INFO  com.hamradio.jhub.MessageRouter — Routing: app 'j-log' removed
2026-04-15 06:24:07.734 INFO  com.hamradio.jhub.JHubServer — App 'j-map' disconnected (code=1001, reason=)
2026-04-15 06:24:07.734 INFO  com.hamradio.jhub.MessageRouter — Routing: app 'j-map' removed
2026-04-15 06:24:07.735 INFO  com.hamradio.jhub.JHubServer — App 'webconfig' disconnected (code=1001, reason=)
2026-04-15 06:24:07.736 INFO  com.hamradio.jhub.MessageRouter — Routing: app 'webconfig' removed
2026-04-15 06:24:07.737 INFO  com.hamradio.jhub.JHubMain — J-Hub stopped.
2026-04-15 06:53:38.961 INFO  com.hamradio.jhub.JHubMain — === j-Hub starting  [WM3j ARS Suite] ===
2026-04-15 06:53:39.011 INFO  com.hamradio.jhub.ConfigManager — Configuration loaded from /home/mike/ARS_Suite/j-hub/j-hub.json
2026-04-15 06:53:39.012 INFO  com.hamradio.jhub.JHubMain — Config loaded — WS port 8080, web port 8081
2026-04-15 06:53:39.037 INFO  com.hamradio.jhub.SpotEnricher — DXCC prefix table loaded: 452 entries
2026-04-15 06:53:39.043 INFO  com.hamradio.jhub.JHubMain — WebSocket server listening on port 8080
2026-04-15 06:53:39.055 INFO  com.hamradio.jhub.JHubServer — JHubServer WebSocket listener started
2026-04-15 06:53:39.154 INFO  com.hamradio.jhub.JHubServer — New connection from /[0:0:0:0:0:0:0:1]:47910
2026-04-15 06:53:39.158 INFO  com.hamradio.jhub.JHubServer — App registered: webconfig v1.0
2026-04-15 06:53:39.163 DEBUG com.hamradio.jhub.JHubServer — State replayed to 'webconfig'
2026-04-15 06:53:39.189 INFO  com.hamradio.jhub.WebConfigServer — Web config server started on port 8081
2026-04-15 06:53:39.189 INFO  com.hamradio.jhub.JHubMain — Web config UI at http://localhost:8081
2026-04-15 06:53:39.191 INFO  com.hamradio.jhub.JHubMain — Cluster autoConnect disabled — use Web Config UI to connect
2026-04-15 06:53:39.195 INFO  com.hamradio.jhub.JHubDiscovery — J-Hub discovery beacon started on UDP port 9999
2026-04-15 06:53:39.201 INFO  com.hamradio.jhub.AppLauncher — Launched 'jMap' (pid 8456) — cd /home/mike/ARS_Suite/j-map && mvn javafx:run -q
2026-04-15 06:53:39.205 INFO  com.hamradio.jhub.AppLauncher — Launched 'j-log' (pid 8460) — bash /home/mike/ARS_Suite/j-log/run.sh --launched-by-hub
2026-04-15 06:53:39.209 INFO  com.hamradio.jhub.AppLauncher — Launched 'j-bridge' (pid 8464) — bash /home/mike/ARS_Suite/j-bridge/run.sh --launched-by-hub
2026-04-15 06:53:39.211 INFO  com.hamradio.jhub.AppLauncher — Launched 'j-digi' (pid 8469) — bash /home/mike/ARS_Suite/j-digi/run.sh
2026-04-15 06:53:39.212 INFO  com.hamradio.jhub.JHubMain — === j-Hub ready ===
2026-04-15 06:53:46.781 INFO  com.hamradio.jhub.JHubServer — New connection from /127.0.0.1:56322
2026-04-15 06:53:46.807 INFO  com.hamradio.jhub.JHubServer — App registered: j-map v1.0.0
2026-04-15 06:53:46.811 DEBUG com.hamradio.jhub.JHubServer — State replayed to 'j-map'
2026-04-15 06:53:48.321 INFO  com.hamradio.jhub.JHubServer — New connection from /127.0.0.1:58124
2026-04-15 06:53:48.334 INFO  com.hamradio.jhub.JHubServer — App registered: j-log v1.0.0
2026-04-15 06:53:48.336 DEBUG com.hamradio.jhub.JHubServer — State replayed to 'j-log'
2026-04-15 06:54:05.780 INFO  com.hamradio.jhub.JHubServer — New connection from /[0:0:0:0:0:0:0:1]:37964
2026-04-15 06:54:05.792 INFO  com.hamradio.jhub.JHubServer — App registered: webconfig v1.0
2026-04-15 06:54:05.793 DEBUG com.hamradio.jhub.JHubServer — State replayed to 'webconfig'
2026-04-15 06:54:13.894 INFO  com.hamradio.jhub.ConfigManager — Configuration saved to /home/mike/ARS_Suite/j-hub/j-hub.json
2026-04-15 06:54:13.899 INFO  com.hamradio.jhub.AppLauncher — Launched 'j-bridge' (pid 8880) — bash /home/mike/ARS_Suite/j-bridge/run.sh
2026-04-15 06:54:22.240 INFO  com.hamradio.jhub.JHubServer — App 'webconfig' disconnected (code=1006, reason=)
2026-04-15 06:54:22.243 INFO  com.hamradio.jhub.MessageRouter — Routing: app 'webconfig' removed
2026-04-15 06:54:22.244 INFO  com.hamradio.jhub.JHubServer — App 'webconfig' disconnected (code=1006, reason=)
2026-04-15 06:54:22.245 INFO  com.hamradio.jhub.MessageRouter — Routing: app 'webconfig' removed
2026-04-15 07:49:45.650 INFO  com.hamradio.jhub.JHubServer — New connection from /[0:0:0:0:0:0:0:1]:37974
2026-04-15 07:49:45.655 INFO  com.hamradio.jhub.JHubServer — App registered: webconfig v1.0
2026-04-15 07:49:45.656 DEBUG com.hamradio.jhub.JHubServer — State replayed to 'webconfig'
2026-04-15 07:49:46.507 INFO  com.hamradio.jhub.JHubServer — New connection from /[0:0:0:0:0:0:0:1]:36298
2026-04-15 07:49:46.509 INFO  com.hamradio.jhub.JHubServer — App registered: webconfig v1.0
2026-04-15 07:49:46.509 DEBUG com.hamradio.jhub.JHubServer — State replayed to 'webconfig'
2026-04-15 07:50:04.588 INFO  com.hamradio.jhub.JHubServer — App 'webconfig' disconnected (code=1006, reason=)
2026-04-15 07:50:04.589 INFO  com.hamradio.jhub.MessageRouter — Routing: app 'webconfig' removed
2026-04-15 07:50:06.479 INFO  com.hamradio.jhub.JHubServer — App 'webconfig' disconnected (code=1006, reason=)
2026-04-15 07:50:06.480 INFO  com.hamradio.jhub.MessageRouter — Routing: app 'webconfig' removed
2026-04-15 07:50:10.800 INFO  c.hamradio.jhub.ui.JHubStatusWindow — Closing DX telnet session before exit
2026-04-15 07:50:10.804 INFO  com.hamradio.jhub.ClusterManager — ClusterManager disconnected and stopped
2026-04-15 07:50:10.808 INFO  com.hamradio.jhub.JHubMain — Shutdown initiated ...
2026-04-15 07:50:10.810 INFO  com.hamradio.jhub.JHubMain — SHUTDOWN broadcast sent to all connected apps — waiting 750 ms
2026-04-15 07:50:11.562 INFO  com.hamradio.jhub.AppLauncher — Stopped 'jMap' during shutdown
2026-04-15 07:50:11.563 INFO  com.hamradio.jhub.AppLauncher — Stopped 'j-log' during shutdown
2026-04-15 07:50:11.563 INFO  com.hamradio.jhub.ClusterManager — ClusterManager disconnected and stopped
2026-04-15 07:50:11.571 INFO  com.hamradio.jhub.JHubServer — App 'j-map' disconnected (code=1001, reason=)
2026-04-15 07:50:11.572 INFO  com.hamradio.jhub.MessageRouter — Routing: app 'j-map' removed
2026-04-15 07:50:11.572 INFO  com.hamradio.jhub.JHubServer — App 'j-log' disconnected (code=1001, reason=)
2026-04-15 07:50:11.573 INFO  com.hamradio.jhub.MessageRouter — Routing: app 'j-log' removed
2026-04-15 07:50:11.573 INFO  com.hamradio.jhub.JHubMain — J-Hub stopped.
2026-04-15 07:50:55.510 INFO  com.hamradio.jhub.JHubMain — === j-Hub starting  [WM3j ARS Suite] ===
2026-04-15 07:50:55.570 INFO  com.hamradio.jhub.ConfigManager — Configuration loaded from /home/mike/ARS_Suite/j-hub/j-hub.json
2026-04-15 07:50:55.571 INFO  com.hamradio.jhub.JHubMain — Config loaded — WS port 8080, web port 8081
2026-04-15 07:50:55.598 INFO  com.hamradio.jhub.SpotEnricher — DXCC prefix table loaded: 452 entries
2026-04-15 07:50:55.607 INFO  com.hamradio.jhub.JHubMain — WebSocket server listening on port 8080
2026-04-15 07:50:55.618 INFO  com.hamradio.jhub.JHubServer — JHubServer WebSocket listener started
2026-04-15 07:50:55.735 INFO  com.hamradio.jhub.WebConfigServer — Web config server started on port 8081
2026-04-15 07:50:55.736 INFO  com.hamradio.jhub.JHubMain — Web config UI at http://localhost:8081
2026-04-15 07:50:55.738 INFO  com.hamradio.jhub.JHubMain — Cluster autoConnect disabled — use Web Config UI to connect
2026-04-15 07:50:55.744 INFO  com.hamradio.jhub.JHubDiscovery — J-Hub discovery beacon started on UDP port 9999
2026-04-15 07:50:55.751 INFO  com.hamradio.jhub.AppLauncher — Launched 'jMap' (pid 9531) — cd /home/mike/ARS_Suite/j-map && mvn javafx:run -q
2026-04-15 07:50:55.753 INFO  com.hamradio.jhub.AppLauncher — Launched 'j-log' (pid 9536) — bash /home/mike/ARS_Suite/j-log/run.sh --launched-by-hub
2026-04-15 07:50:55.756 INFO  com.hamradio.jhub.AppLauncher — Launched 'j-bridge' (pid 9539) — bash /home/mike/ARS_Suite/j-bridge/run.sh --launched-by-hub
2026-04-15 07:50:55.759 INFO  com.hamradio.jhub.AppLauncher — Launched 'j-digi' (pid 9545) — bash /home/mike/ARS_Suite/j-digi/run.sh
2026-04-15 07:50:55.760 INFO  com.hamradio.jhub.JHubMain — === j-Hub ready ===
2026-04-15 07:50:59.478 INFO  com.hamradio.jhub.JHubServer — New connection from /127.0.0.1:41900
2026-04-15 07:50:59.491 INFO  com.hamradio.jhub.JHubServer — App registered: j-map v1.0.0
2026-04-15 07:50:59.494 DEBUG com.hamradio.jhub.JHubServer — State replayed to 'j-map'
2026-04-15 07:51:22.034 INFO  com.hamradio.jhub.JHubServer — New connection from /127.0.0.1:54788
2026-04-15 07:51:22.040 INFO  com.hamradio.jhub.JHubServer — App registered: j-log v1.0.0
2026-04-15 07:51:22.041 DEBUG com.hamradio.jhub.JHubServer — State replayed to 'j-log'
2026-04-15 07:52:31.421 INFO  com.hamradio.jhub.JHubServer — New connection from /127.0.0.1:46038
2026-04-15 07:52:31.455 INFO  com.hamradio.jhub.JHubServer — App registered: j-digi v0.1.0
2026-04-15 07:52:31.461 DEBUG com.hamradio.jhub.JHubServer — State replayed to 'j-digi'
2026-04-15 07:53:54.657 INFO  com.hamradio.jhub.JHubServer — New connection from /127.0.0.1:46544
2026-04-15 07:53:54.678 INFO  com.hamradio.jhub.JHubServer — App registered: jBridge v1.0.0
2026-04-15 07:53:54.680 DEBUG com.hamradio.jhub.JHubServer — State replayed to 'jBridge'
2026-04-15 08:05:20.272 INFO  c.hamradio.jhub.ui.JHubStatusWindow — Closing DX telnet session before exit
2026-04-15 08:05:20.275 INFO  com.hamradio.jhub.ClusterManager — ClusterManager disconnected and stopped
2026-04-15 08:05:20.278 INFO  com.hamradio.jhub.JHubMain — Shutdown initiated ...
2026-04-15 08:05:20.279 INFO  com.hamradio.jhub.JHubMain — SHUTDOWN broadcast sent to all connected apps — waiting 750 ms
2026-04-15 08:05:20.293 INFO  com.hamradio.jhub.JHubServer — App 'jBridge' disconnected (code=1000, reason=)
2026-04-15 08:05:20.294 INFO  com.hamradio.jhub.MessageRouter — Routing: app 'jBridge' removed
2026-04-15 08:05:20.301 INFO  com.hamradio.jhub.JHubServer — App 'j-digi' disconnected (code=1006, reason=)
2026-04-15 08:05:20.302 INFO  com.hamradio.jhub.MessageRouter — Routing: app 'j-digi' removed
2026-04-15 08:05:21.032 INFO  com.hamradio.jhub.AppLauncher — Stopped 'jMap' during shutdown
2026-04-15 08:05:21.033 INFO  com.hamradio.jhub.AppLauncher — Stopped 'j-log' during shutdown
2026-04-15 08:05:21.033 INFO  com.hamradio.jhub.ClusterManager — ClusterManager disconnected and stopped
2026-04-15 08:05:21.052 INFO  com.hamradio.jhub.JHubServer — App 'j-map' disconnected (code=1001, reason=)
2026-04-15 08:05:21.052 INFO  com.hamradio.jhub.MessageRouter — Routing: app 'j-map' removed
2026-04-15 08:05:21.053 INFO  com.hamradio.jhub.JHubServer — App 'j-log' disconnected (code=1001, reason=)
2026-04-15 08:05:21.054 INFO  com.hamradio.jhub.MessageRouter — Routing: app 'j-log' removed
2026-04-15 08:05:21.056 INFO  com.hamradio.jhub.JHubMain — J-Hub stopped.
2026-04-15 08:08:56.300 INFO  com.hamradio.jhub.JHubMain — === j-Hub starting  [WM3j ARS Suite] ===
2026-04-15 08:08:56.353 INFO  com.hamradio.jhub.ConfigManager — Configuration loaded from /home/mike/ARS_Suite/j-hub/j-hub.json
2026-04-15 08:08:56.354 INFO  com.hamradio.jhub.JHubMain — Config loaded — WS port 8080, web port 8081
2026-04-15 08:08:56.379 INFO  com.hamradio.jhub.SpotEnricher — DXCC prefix table loaded: 452 entries
2026-04-15 08:08:56.386 INFO  com.hamradio.jhub.JHubMain — WebSocket server listening on port 8080
2026-04-15 08:08:56.395 INFO  com.hamradio.jhub.JHubServer — JHubServer WebSocket listener started
2026-04-15 08:08:56.521 INFO  com.hamradio.jhub.WebConfigServer — Web config server started on port 8081
2026-04-15 08:08:56.521 INFO  com.hamradio.jhub.JHubMain — Web config UI at http://localhost:8081
2026-04-15 08:08:56.523 INFO  com.hamradio.jhub.JHubMain — Cluster autoConnect disabled — use Web Config UI to connect
2026-04-15 08:08:56.530 INFO  com.hamradio.jhub.JHubDiscovery — J-Hub discovery beacon started on UDP port 9999
2026-04-15 08:08:56.540 INFO  com.hamradio.jhub.AppLauncher — Launched 'jMap' (pid 11903) — cd /home/mike/ARS_Suite/j-map && mvn javafx:run -q
2026-04-15 08:08:56.545 INFO  com.hamradio.jhub.AppLauncher — Launched 'j-log' (pid 11908) — bash /home/mike/ARS_Suite/j-log/run.sh --launched-by-hub
2026-04-15 08:08:56.549 INFO  com.hamradio.jhub.AppLauncher — Launched 'j-bridge' (pid 11912) — bash /home/mike/ARS_Suite/j-bridge/run.sh --launched-by-hub
2026-04-15 08:08:56.552 INFO  com.hamradio.jhub.AppLauncher — Launched 'j-digi' (pid 11917) — bash /home/mike/ARS_Suite/j-digi/run.sh
2026-04-15 08:08:56.554 INFO  com.hamradio.jhub.JHubMain — === j-Hub ready ===
2026-04-15 08:09:04.061 INFO  com.hamradio.jhub.JHubServer — New connection from /127.0.0.1:50642
2026-04-15 08:09:04.078 INFO  com.hamradio.jhub.JHubServer — App registered: j-map v1.0.0
2026-04-15 08:09:04.083 DEBUG com.hamradio.jhub.JHubServer — State replayed to 'j-map'
2026-04-15 08:09:07.113 INFO  com.hamradio.jhub.JHubServer — New connection from /127.0.0.1:35642
2026-04-15 08:09:07.132 INFO  com.hamradio.jhub.JHubServer — App registered: jBridge v1.0.0
2026-04-15 08:09:07.133 DEBUG com.hamradio.jhub.JHubServer — State replayed to 'jBridge'
2026-04-15 08:09:10.929 INFO  com.hamradio.jhub.JHubServer — New connection from /127.0.0.1:35654
2026-04-15 08:09:10.951 INFO  com.hamradio.jhub.JHubServer — App registered: j-digi v0.1.0
2026-04-15 08:09:10.952 DEBUG com.hamradio.jhub.JHubServer — State replayed to 'j-digi'
2026-04-15 08:09:15.691 INFO  com.hamradio.jhub.JHubServer — New connection from /127.0.0.1:35658
2026-04-15 08:09:15.701 INFO  com.hamradio.jhub.JHubServer — App registered: j-log v1.0.0
2026-04-15 08:09:15.703 DEBUG com.hamradio.jhub.JHubServer — State replayed to 'j-log'
2026-04-15 08:09:38.981 INFO  com.hamradio.jhub.AppLauncher — Stopped 'j-digi'
2026-04-15 08:09:38.982 INFO  c.hamradio.jhub.ui.JHubStatusWindow — Stopped j-digi from status window
2026-04-15 08:09:43.527 INFO  com.hamradio.jhub.AppLauncher — Stopped 'j-bridge'
2026-04-15 08:09:43.528 INFO  c.hamradio.jhub.ui.JHubStatusWindow — Stopped j-bridge from status window
2026-04-15 08:09:47.557 INFO  c.hamradio.jhub.ui.JHubStatusWindow — Closing DX telnet session before exit
2026-04-15 08:09:47.560 INFO  com.hamradio.jhub.ClusterManager — ClusterManager disconnected and stopped
2026-04-15 08:09:47.563 INFO  com.hamradio.jhub.JHubMain — Shutdown initiated ...
2026-04-15 08:09:47.564 INFO  com.hamradio.jhub.JHubMain — SHUTDOWN broadcast sent to all connected apps — waiting 750 ms
2026-04-15 08:09:47.580 INFO  com.hamradio.jhub.JHubServer — App 'jBridge' disconnected (code=1000, reason=)
2026-04-15 08:09:47.581 INFO  com.hamradio.jhub.MessageRouter — Routing: app 'jBridge' removed
2026-04-15 08:09:47.598 INFO  com.hamradio.jhub.JHubServer — App 'j-digi' disconnected (code=1000, reason=)
2026-04-15 08:09:47.602 INFO  com.hamradio.jhub.MessageRouter — Routing: app 'j-digi' removed
2026-04-15 08:09:48.316 INFO  com.hamradio.jhub.AppLauncher — Stopped 'jMap' during shutdown
2026-04-15 08:09:48.317 INFO  com.hamradio.jhub.AppLauncher — Stopped 'j-log' during shutdown
2026-04-15 08:09:48.318 INFO  com.hamradio.jhub.ClusterManager — ClusterManager disconnected and stopped
2026-04-15 08:09:48.336 INFO  com.hamradio.jhub.JHubServer — App 'j-log' disconnected (code=1001, reason=)
2026-04-15 08:09:48.337 INFO  com.hamradio.jhub.MessageRouter — Routing: app 'j-log' removed
2026-04-15 08:09:48.338 INFO  com.hamradio.jhub.JHubServer — App 'j-map' disconnected (code=1001, reason=)
2026-04-15 08:09:48.338 INFO  com.hamradio.jhub.MessageRouter — Routing: app 'j-map' removed
2026-04-15 08:09:48.341 INFO  com.hamradio.jhub.JHubMain — J-Hub stopped.
2026-04-15 08:14:25.070 INFO  com.hamradio.jhub.JHubMain — === j-Hub starting  [WM3j ARS Suite] ===
2026-04-15 08:14:25.120 INFO  com.hamradio.jhub.ConfigManager — Configuration loaded from /home/mike/ARS_Suite/j-hub/j-hub.json
2026-04-15 08:14:25.121 INFO  com.hamradio.jhub.JHubMain — Config loaded — WS port 8080, web port 8081
2026-04-15 08:14:25.147 INFO  com.hamradio.jhub.SpotEnricher — DXCC prefix table loaded: 452 entries
2026-04-15 08:14:25.154 INFO  com.hamradio.jhub.JHubMain — WebSocket server listening on port 8080
2026-04-15 08:14:25.170 INFO  com.hamradio.jhub.JHubServer — JHubServer WebSocket listener started
2026-04-15 08:14:25.307 INFO  com.hamradio.jhub.WebConfigServer — Web config server started on port 8081
2026-04-15 08:14:25.308 INFO  com.hamradio.jhub.JHubMain — Web config UI at http://localhost:8081
2026-04-15 08:14:25.310 INFO  com.hamradio.jhub.JHubMain — Cluster autoConnect disabled — use Web Config UI to connect
2026-04-15 08:14:25.317 INFO  com.hamradio.jhub.JHubDiscovery — J-Hub discovery beacon started on UDP port 9999
2026-04-15 08:14:25.328 INFO  com.hamradio.jhub.AppLauncher — Launched 'jMap' (pid 12709) — cd /home/mike/ARS_Suite/j-map && mvn javafx:run -q
2026-04-15 08:14:25.331 INFO  com.hamradio.jhub.AppLauncher — Launched 'j-log' (pid 12714) — bash /home/mike/ARS_Suite/j-log/run.sh --launched-by-hub
2026-04-15 08:14:25.333 INFO  com.hamradio.jhub.AppLauncher — Launched 'j-bridge' (pid 12718) — bash /home/mike/ARS_Suite/j-bridge/run.sh --launched-by-hub
2026-04-15 08:14:25.335 INFO  com.hamradio.jhub.AppLauncher — Launched 'j-digi' (pid 12722) — bash /home/mike/ARS_Suite/j-digi/run.sh
2026-04-15 08:14:25.336 INFO  com.hamradio.jhub.JHubMain — === j-Hub ready ===
2026-04-15 08:14:28.788 INFO  com.hamradio.jhub.JHubServer — New connection from /127.0.0.1:53048
2026-04-15 08:14:28.852 INFO  com.hamradio.jhub.JHubServer — App registered: jBridge v1.0.0
2026-04-15 08:14:28.865 DEBUG com.hamradio.jhub.JHubServer — State replayed to 'jBridge'
2026-04-15 08:14:30.185 INFO  com.hamradio.jhub.JHubServer — New connection from /127.0.0.1:53050
2026-04-15 08:14:30.205 INFO  com.hamradio.jhub.JHubServer — App registered: j-digi v0.1.0
2026-04-15 08:14:30.207 DEBUG com.hamradio.jhub.JHubServer — State replayed to 'j-digi'
2026-04-15 08:14:30.987 INFO  com.hamradio.jhub.JHubServer — New connection from /127.0.0.1:53062
2026-04-15 08:14:30.993 INFO  com.hamradio.jhub.JHubServer — App registered: j-map v1.0.0
2026-04-15 08:14:30.994 DEBUG com.hamradio.jhub.JHubServer — State replayed to 'j-map'
2026-04-15 08:15:00.983 INFO  c.hamradio.jhub.ui.JHubStatusWindow — Closing DX telnet session before exit
2026-04-15 08:15:00.987 INFO  com.hamradio.jhub.ClusterManager — ClusterManager disconnected and stopped
2026-04-15 08:15:00.990 INFO  com.hamradio.jhub.JHubMain — Shutdown initiated ...
2026-04-15 08:15:00.991 INFO  com.hamradio.jhub.JHubMain — SHUTDOWN broadcast sent to all connected apps — waiting 750 ms
2026-04-15 08:15:01.005 INFO  com.hamradio.jhub.JHubServer — App 'jBridge' disconnected (code=1000, reason=)
2026-04-15 08:15:01.006 INFO  com.hamradio.jhub.MessageRouter — Routing: app 'jBridge' removed
2026-04-15 08:15:01.022 INFO  com.hamradio.jhub.JHubServer — App 'j-digi' disconnected (code=1000, reason=)
2026-04-15 08:15:01.023 INFO  com.hamradio.jhub.MessageRouter — Routing: app 'j-digi' removed
2026-04-15 08:15:01.758 INFO  com.hamradio.jhub.AppLauncher — Stopped 'jMap' during shutdown
2026-04-15 08:15:01.768 INFO  com.hamradio.jhub.AppLauncher — Stopped 'j-log' during shutdown
2026-04-15 08:15:01.769 INFO  com.hamradio.jhub.ClusterManager — ClusterManager disconnected and stopped
2026-04-15 08:15:01.784 INFO  com.hamradio.jhub.JHubServer — App 'j-map' disconnected (code=1001, reason=)
2026-04-15 08:15:01.784 INFO  com.hamradio.jhub.MessageRouter — Routing: app 'j-map' removed
2026-04-15 08:15:01.786 INFO  com.hamradio.jhub.JHubMain — J-Hub stopped.
2026-04-15 20:56:14.115 INFO  com.hamradio.jhub.JHubMain — === j-Hub starting  [WM3j ARS Suite] ===
2026-04-15 20:56:14.240 INFO  com.hamradio.jhub.ConfigManager — Configuration loaded from /home/mike/ARS_Suite/j-hub/j-hub.json
2026-04-15 20:56:14.243 INFO  com.hamradio.jhub.JHubMain — Config loaded — WS port 8080, web port 8081
2026-04-15 20:56:14.313 INFO  com.hamradio.jhub.SpotEnricher — DXCC prefix table loaded: 452 entries
2026-04-15 20:56:14.346 INFO  com.hamradio.jhub.JHubMain — WebSocket server listening on port 8080
2026-04-15 20:56:14.388 INFO  com.hamradio.jhub.JHubServer — JHubServer WebSocket listener started
2026-04-15 20:56:14.829 INFO  com.hamradio.jhub.WebConfigServer — Web config server started on port 8081
2026-04-15 20:56:14.830 INFO  com.hamradio.jhub.JHubMain — Web config UI at http://localhost:8081
2026-04-15 20:56:14.836 INFO  com.hamradio.jhub.JHubMain — Cluster autoConnect disabled — use Web Config UI to connect
2026-04-15 20:56:14.853 INFO  com.hamradio.jhub.JHubDiscovery — J-Hub discovery beacon started on UDP port 9999
2026-04-15 20:56:14.870 INFO  com.hamradio.jhub.AppLauncher — Launched 'jMap' (pid 28594) — cd /home/mike/ARS_Suite/j-map && mvn javafx:run -q
2026-04-15 20:56:14.875 INFO  com.hamradio.jhub.AppLauncher — Launched 'j-log' (pid 28599) — bash /home/mike/ARS_Suite/j-log/run.sh --launched-by-hub
2026-04-15 20:56:14.892 INFO  com.hamradio.jhub.AppLauncher — Launched 'j-bridge' (pid 28602) — bash /home/mike/ARS_Suite/j-bridge/run.sh --launched-by-hub
2026-04-15 20:56:14.902 INFO  com.hamradio.jhub.AppLauncher — Launched 'j-digi' (pid 28612) — bash /home/mike/ARS_Suite/j-digi/run.sh
2026-04-15 20:56:14.907 INFO  com.hamradio.jhub.JHubMain — === j-Hub ready ===
2026-04-15 20:56:27.195 INFO  com.hamradio.jhub.JHubServer — New connection from /127.0.0.1:57138
2026-04-15 20:56:27.272 INFO  com.hamradio.jhub.JHubServer — App registered: jBridge v1.0.0
2026-04-15 20:56:27.297 DEBUG com.hamradio.jhub.JHubServer — State replayed to 'jBridge'
2026-04-15 20:56:30.136 INFO  com.hamradio.jhub.JHubServer — New connection from /127.0.0.1:44310
2026-04-15 20:56:30.203 INFO  com.hamradio.jhub.JHubServer — App registered: j-digi v0.1.0
2026-04-15 20:56:30.208 DEBUG com.hamradio.jhub.JHubServer — State replayed to 'j-digi'
2026-04-15 20:56:34.918 INFO  com.hamradio.jhub.JHubServer — New connection from /127.0.0.1:44320
2026-04-15 20:56:34.929 INFO  com.hamradio.jhub.JHubServer — App registered: j-map v1.0.0
2026-04-15 20:56:34.930 DEBUG com.hamradio.jhub.JHubServer — State replayed to 'j-map'
2026-04-15 20:57:40.655 INFO  com.hamradio.jhub.JHubServer — New connection from /[0:0:0:0:0:0:0:1]:41578
2026-04-15 20:57:40.687 INFO  com.hamradio.jhub.JHubServer — App registered: webconfig v1.0
2026-04-15 20:57:40.688 DEBUG com.hamradio.jhub.JHubServer — State replayed to 'webconfig'
2026-04-15 21:06:58.800 INFO  com.hamradio.jhub.ConfigManager — Configuration saved to /home/mike/ARS_Suite/j-hub/j-hub.json
2026-04-15 21:06:58.803 INFO  com.hamradio.jhub.ClusterManager — Connecting to DX cluster dx.middlebrook.ca:8000 …
2026-04-15 21:06:59.088 INFO  com.hamradio.jhub.ClusterManager — Connected to cluster dx.middlebrook.ca:8000
2026-04-15 21:07:12.502 DEBUG com.hamradio.jhub.ClusterManager — Spot: K4ICQ N6OKU 14235000Hz
2026-04-15 21:07:19.893 DEBUG com.hamradio.jhub.ClusterManager — Spot: K6TR D2UY 14074200Hz
2026-04-15 21:08:39.313 INFO  com.hamradio.jhub.ConfigManager — Configuration saved to /home/mike/ARS_Suite/j-hub/j-hub.json
2026-04-15 21:08:41.563 INFO  com.hamradio.jhub.ConfigManager — Configuration saved to /home/mike/ARS_Suite/j-hub/j-hub.json
2026-04-15 21:08:42.323 INFO  com.hamradio.jhub.ConfigManager — Configuration saved to /home/mike/ARS_Suite/j-hub/j-hub.json
2026-04-15 21:08:45.359 DEBUG com.hamradio.jhub.ClusterManager — Spot: K6TR TY5AD 14074300Hz
2026-04-15 21:08:45.360 WARN  com.hamradio.jhub.ClusterManager — Cluster read error: Stream closed — reconnecting in 5s
2026-04-15 21:08:46.357 INFO  com.hamradio.jhub.ClusterManager — Connecting to DX cluster dx.middlebrook.ca:8000 …
2026-04-15 21:08:46.440 INFO  com.hamradio.jhub.ClusterManager — Connected to cluster dx.middlebrook.ca:8000
2026-04-15 21:09:18.975 INFO  com.hamradio.jhub.ConfigManager — Configuration saved to /home/mike/ARS_Suite/j-hub/j-hub.json
2026-04-15 21:09:21.763 INFO  com.hamradio.jhub.ConfigManager — Configuration saved to /home/mike/ARS_Suite/j-hub/j-hub.json
2026-04-15 21:09:22.692 INFO  com.hamradio.jhub.ConfigManager — Configuration saved to /home/mike/ARS_Suite/j-hub/j-hub.json
2026-04-15 21:09:24.669 INFO  com.hamradio.jhub.ConfigManager — Configuration saved to /home/mike/ARS_Suite/j-hub/j-hub.json
2026-04-15 21:09:38.772 DEBUG com.hamradio.jhub.MessageRouter — SPOT_SELECTED → RIG_STATUS freq=14235000 mode=SSB
2026-04-15 21:09:42.397 DEBUG com.hamradio.jhub.ClusterManager — Spot: YO5KDC YO5OSF 7074000Hz
2026-04-15 21:09:42.397 WARN  com.hamradio.jhub.ClusterManager — Cluster read error: Stream closed — reconnecting in 5s
2026-04-15 21:09:43.396 INFO  com.hamradio.jhub.ClusterManager — Connecting to DX cluster dx.middlebrook.ca:8000 …
2026-04-15 21:09:43.481 INFO  com.hamradio.jhub.ClusterManager — Connected to cluster dx.middlebrook.ca:8000
2026-04-15 21:09:56.858 DEBUG com.hamradio.jhub.MessageRouter — SPOT_SELECTED → RIG_STATUS freq=7074000 mode=FT8
2026-04-15 21:10:00.317 DEBUG com.hamradio.jhub.ClusterManager — Spot: N4LSP C6APS 7075500Hz
2026-04-15 21:10:14.208 INFO  com.hamradio.jhub.JHubServer — App 'j-map' disconnected (code=1000, reason=)
2026-04-15 21:10:14.209 INFO  com.hamradio.jhub.MessageRouter — Routing: app 'j-map' removed
2026-04-15 21:10:37.947 INFO  com.hamradio.jhub.JHubServer — New connection from /127.0.0.1:45892
2026-04-15 21:10:37.950 INFO  com.hamradio.jhub.JHubServer — App registered: j-log v1.0.0
2026-04-15 21:10:37.954 DEBUG com.hamradio.jhub.JHubServer — State replayed to 'j-log'
2026-04-15 21:11:00.977 DEBUG com.hamradio.jhub.MessageRouter — SPOT_SELECTED → RIG_STATUS freq=14074300 mode=FT8
2026-04-15 21:11:16.404 DEBUG com.hamradio.jhub.ClusterManager — Spot: N2DGQ UA4LCH 7012000Hz
2026-04-15 21:11:24.735 INFO  com.hamradio.jhub.JHubServer — New connection from /[0:0:0:0:0:0:0:1]:47720
2026-04-15 21:11:24.744 INFO  com.hamradio.jhub.JHubServer — App registered: webconfig v1.0
2026-04-15 21:11:24.745 DEBUG com.hamradio.jhub.JHubServer — State replayed to 'webconfig'
2026-04-15 21:11:44.351 INFO  com.hamradio.jhub.JHubServer — App 'webconfig' disconnected (code=1006, reason=)
2026-04-15 21:11:44.351 INFO  com.hamradio.jhub.MessageRouter — Routing: app 'webconfig' removed
2026-04-15 21:11:47.866 INFO  com.hamradio.jhub.JHubServer — App 'webconfig' disconnected (code=1006, reason=)
2026-04-15 21:11:47.867 INFO  com.hamradio.jhub.MessageRouter — Routing: app 'webconfig' removed
2026-04-15 21:11:59.400 INFO  com.hamradio.jhub.JHubServer — App 'j-digi' disconnected (code=1000, reason=)
2026-04-15 21:11:59.401 INFO  com.hamradio.jhub.MessageRouter — Routing: app 'j-digi' removed
2026-04-15 21:12:07.698 INFO  com.hamradio.jhub.JHubServer — App 'jBridge' disconnected (code=1000, reason=)
2026-04-15 21:12:07.699 INFO  com.hamradio.jhub.MessageRouter — Routing: app 'jBridge' removed
2026-04-15 21:12:40.779 DEBUG com.hamradio.jhub.ClusterManager — Spot: R8WF PS7BL 7005100Hz
2026-04-15 21:12:46.573 DEBUG com.hamradio.jhub.ClusterManager — Spot: VU2TUM HS6NPZ 14025000Hz
2026-04-15 21:14:46.637 WARN  com.hamradio.jhub.ClusterManager — Cluster read error: Read timed out — reconnecting in 5s
2026-04-15 21:14:51.638 INFO  com.hamradio.jhub.ClusterManager — Connecting to DX cluster dx.middlebrook.ca:8000 …
2026-04-15 21:14:51.727 INFO  com.hamradio.jhub.ClusterManager — Connected to cluster dx.middlebrook.ca:8000
2026-04-15 21:15:48.586 DEBUG com.hamradio.jhub.ClusterManager — Spot: VU2TUM UA4LCH 7012000Hz
2026-04-15 21:17:08.482 DEBUG com.hamradio.jhub.ClusterManager — Spot: KR4DA TT1GD 18100000Hz
2026-04-15 21:17:45.427 DEBUG com.hamradio.jhub.ClusterManager — Spot: CT7AUT CX6TU 7074000Hz
2026-04-15 21:19:45.441 DEBUG com.hamradio.jhub.ClusterManager — Spot: N2DGQ R8WF 7009000Hz
2026-04-15 21:19:47.386 DEBUG com.hamradio.jhub.ClusterManager — Spot: CT2JUT VU2RZA 7150000Hz
2026-04-15 21:20:36.026 DEBUG com.hamradio.jhub.ClusterManager — Spot: VU2TUM VU2GSMDX 10104000Hz
2026-04-15 21:20:40.450 INFO  com.hamradio.jhub.AppLauncher — Stopped 'j-log'
2026-04-15 21:20:40.450 INFO  c.hamradio.jhub.ui.JHubStatusWindow — Stopped j-log from status window
2026-04-15 21:20:40.501 INFO  com.hamradio.jhub.JHubServer — App 'j-log' disconnected (code=1006, reason=)
2026-04-15 21:20:40.502 INFO  com.hamradio.jhub.MessageRouter — Routing: app 'j-log' removed
2026-04-15 21:20:42.019 INFO  com.hamradio.jhub.AppLauncher — Stopped 'jMap'
2026-04-15 21:20:42.020 INFO  c.hamradio.jhub.ui.JHubStatusWindow — Stopped jMap from status window
2026-04-15 21:20:48.005 INFO  com.hamradio.jhub.JHubServer — New connection from /[0:0:0:0:0:0:0:1]:58908
2026-04-15 21:20:48.011 INFO  com.hamradio.jhub.JHubServer — App registered: webconfig v1.0
2026-04-15 21:20:48.012 DEBUG com.hamradio.jhub.JHubServer — State replayed to 'webconfig'
2026-04-15 21:21:01.625 INFO  com.hamradio.jhub.JHubServer — App 'webconfig' disconnected (code=1006, reason=)
2026-04-15 21:21:01.625 INFO  com.hamradio.jhub.MessageRouter — Routing: app 'webconfig' removed
2026-04-15 21:21:12.097 INFO  c.hamradio.jhub.ui.JHubStatusWindow — Closing DX telnet session before exit
2026-04-15 21:21:15.140 INFO  c.hamradio.jhub.ui.JHubStatusWindow — Closing DX telnet session before exit
2026-04-15 21:21:22.925 INFO  c.hamradio.jhub.ui.JHubStatusWindow — Closing DX telnet session before exit
2026-04-15 21:21:24.109 INFO  c.hamradio.jhub.ui.JHubStatusWindow — Closing DX telnet session before exit
2026-04-15 21:21:57.493 INFO  com.hamradio.jhub.JHubMain — Shutdown initiated ...
2026-04-15 21:21:57.494 INFO  com.hamradio.jhub.JHubMain — SHUTDOWN broadcast sent to all connected apps — waiting 750 ms
2026-04-15 21:21:59.072 INFO  com.hamradio.jhub.ClusterManager — Cluster disconnected (executors kept alive — reconnect available)
2026-04-15 21:21:59.073 INFO  com.hamradio.jhub.ClusterManager — ClusterManager disconnected and stopped
2026-04-15 21:21:59.073 INFO  com.hamradio.jhub.ClusterManager — ClusterManager disconnected and stopped
2026-04-15 21:21:59.074 INFO  com.hamradio.jhub.ClusterManager — ClusterManager disconnected and stopped
2026-04-15 21:21:59.073 DEBUG com.hamradio.jhub.ClusterManager — Spot: KJ4I W6SF 14242000Hz
2026-04-15 21:21:59.073 INFO  com.hamradio.jhub.ClusterManager — ClusterManager disconnected and stopped
2026-04-15 21:21:59.074 INFO  com.hamradio.jhub.ClusterManager — ClusterManager disconnected and stopped
2026-04-15 21:21:59.105 INFO  com.hamradio.jhub.JHubMain — J-Hub stopped.
2026-04-18 13:40:07.871 INFO  com.hamradio.jhub.JHubMain — === j-Hub starting  [WM3j ARS Suite] ===
2026-04-18 13:40:07.935 INFO  com.hamradio.jhub.ConfigManager — Configuration loaded from /home/mike/ARS_Suite/j-hub/j-hub.json
2026-04-18 13:40:07.936 INFO  com.hamradio.jhub.JHubMain — Config loaded — WS port 8080, web port 8081
2026-04-18 13:40:07.964 INFO  com.hamradio.jhub.SpotEnricher — DXCC prefix table loaded: 452 entries
2026-04-18 13:40:07.975 INFO  com.hamradio.jhub.JHubMain — WebSocket server listening on port 8080
2026-04-18 13:40:07.990 INFO  com.hamradio.jhub.JHubServer — JHubServer WebSocket listener started
2026-04-18 13:40:08.125 INFO  com.hamradio.jhub.WebConfigServer — Web config server started on port 8081
2026-04-18 13:40:08.125 INFO  com.hamradio.jhub.JHubMain — Web config UI at http://localhost:8081
2026-04-18 13:40:08.127 INFO  com.hamradio.jhub.JHubMain — Cluster autoConnect disabled — use Web Config UI to connect
2026-04-18 13:40:08.133 INFO  com.hamradio.jhub.JHubDiscovery — J-Hub discovery beacon started on UDP port 9999
2026-04-18 13:40:08.141 INFO  com.hamradio.jhub.AppLauncher — Launched 'jMap' (pid 23348) — cd /home/mike/ARS_Suite/j-map && mvn javafx:run -q
2026-04-18 13:40:08.143 INFO  com.hamradio.jhub.AppLauncher — Launched 'j-log' (pid 23353) — bash /home/mike/ARS_Suite/j-log/run.sh --launched-by-hub
2026-04-18 13:40:08.145 INFO  com.hamradio.jhub.AppLauncher — Launched 'j-bridge' (pid 23356) — bash /home/mike/ARS_Suite/j-bridge/run.sh --launched-by-hub
2026-04-18 13:40:08.147 INFO  com.hamradio.jhub.AppLauncher — Launched 'j-digi' (pid 23361) — bash /home/mike/ARS_Suite/j-digi/run.sh
2026-04-18 13:40:08.148 INFO  com.hamradio.jhub.JHubMain — === j-Hub ready ===
2026-04-18 13:40:11.267 INFO  com.hamradio.jhub.JHubServer — New connection from /127.0.0.1:59180
2026-04-18 13:40:11.338 INFO  com.hamradio.jhub.JHubServer — App registered: jBridge v1.0.0
2026-04-18 13:40:11.355 DEBUG com.hamradio.jhub.JHubServer — State replayed to 'jBridge'
2026-04-18 13:40:13.009 INFO  com.hamradio.jhub.JHubServer — New connection from /127.0.0.1:59186
2026-04-18 13:40:13.022 INFO  com.hamradio.jhub.JHubServer — App registered: j-digi v0.1.0
2026-04-18 13:40:13.023 DEBUG com.hamradio.jhub.JHubServer — State replayed to 'j-digi'
2026-04-18 13:40:13.809 INFO  com.hamradio.jhub.JHubServer — New connection from /127.0.0.1:59200
2026-04-18 13:40:13.815 INFO  com.hamradio.jhub.JHubServer — App registered: j-map v1.0.0
2026-04-18 13:40:13.815 DEBUG com.hamradio.jhub.JHubServer — State replayed to 'j-map'
2026-04-18 13:40:26.975 INFO  com.hamradio.jhub.JHubServer — App 'j-map' disconnected (code=1000, reason=)
2026-04-18 13:40:26.976 INFO  com.hamradio.jhub.MessageRouter — Routing: app 'j-map' removed
2026-04-18 13:40:31.281 INFO  com.hamradio.jhub.JHubServer — App 'j-digi' disconnected (code=1000, reason=)
2026-04-18 13:40:31.282 INFO  com.hamradio.jhub.MessageRouter — Routing: app 'j-digi' removed
2026-04-18 13:40:38.802 INFO  com.hamradio.jhub.JHubServer — New connection from /127.0.0.1:49616
2026-04-18 13:40:38.806 INFO  com.hamradio.jhub.JHubServer — App registered: j-log v1.0.0
2026-04-18 13:40:38.807 DEBUG com.hamradio.jhub.JHubServer — State replayed to 'j-log'
2026-04-18 13:40:57.951 INFO  com.hamradio.jhub.JHubServer — App 'jBridge' disconnected (code=1000, reason=)
2026-04-18 13:40:57.952 INFO  com.hamradio.jhub.MessageRouter — Routing: app 'jBridge' removed
2026-04-18 13:41:01.658 INFO  c.hamradio.jhub.ui.JHubStatusWindow — Closing DX telnet session before exit
2026-04-18 13:41:01.661 INFO  com.hamradio.jhub.ClusterManager — ClusterManager disconnected and stopped
2026-04-18 13:41:01.669 INFO  com.hamradio.jhub.JHubMain — Shutdown initiated ...
2026-04-18 13:41:01.670 INFO  com.hamradio.jhub.JHubMain — SHUTDOWN broadcast sent to all connected apps — waiting 750 ms
2026-04-18 13:41:02.452 INFO  com.hamradio.jhub.AppLauncher — Stopped 'jMap' during shutdown
2026-04-18 13:41:02.466 INFO  com.hamradio.jhub.AppLauncher — Stopped 'j-log' during shutdown
2026-04-18 13:41:02.467 INFO  com.hamradio.jhub.ClusterManager — ClusterManager disconnected and stopped
2026-04-18 13:41:02.476 INFO  com.hamradio.jhub.JHubServer — App 'j-log' disconnected (code=1001, reason=)
2026-04-18 13:41:02.477 INFO  com.hamradio.jhub.MessageRouter — Routing: app 'j-log' removed
2026-04-18 13:41:02.479 INFO  com.hamradio.jhub.JHubMain — J-Hub stopped.
2026-04-18 15:01:53.839 INFO  com.hamradio.jhub.JHubMain — === j-Hub starting  [WM3j ARS Suite] ===
2026-04-18 15:01:53.914 INFO  com.hamradio.jhub.ConfigManager — Configuration loaded from /home/mike/ARS_Suite/j-hub/j-hub.json
2026-04-18 15:01:53.915 INFO  com.hamradio.jhub.JHubMain — Config loaded — WS port 8080, web port 8081
2026-04-18 15:01:53.945 INFO  com.hamradio.jhub.SpotEnricher — DXCC prefix table loaded: 452 entries
2026-04-18 15:01:53.956 INFO  com.hamradio.jhub.JHubMain — WebSocket server listening on port 8080
2026-04-18 15:01:53.979 INFO  com.hamradio.jhub.JHubServer — JHubServer WebSocket listener started
2026-04-18 15:01:54.169 INFO  com.hamradio.jhub.WebConfigServer — Web config server started on port 8081
2026-04-18 15:01:54.170 INFO  com.hamradio.jhub.JHubMain — Web config UI at http://localhost:8081
2026-04-18 15:01:54.172 INFO  com.hamradio.jhub.JHubMain — Cluster autoConnect disabled — use Web Config UI to connect
2026-04-18 15:01:54.184 INFO  com.hamradio.jhub.JHubDiscovery — J-Hub discovery beacon started on UDP port 9999
2026-04-18 15:01:54.193 INFO  com.hamradio.jhub.AppLauncher — Launched 'jMap' (pid 27696) — cd /home/mike/ARS_Suite/j-map && mvn javafx:run -q
2026-04-18 15:01:54.195 INFO  com.hamradio.jhub.AppLauncher — Launched 'j-log' (pid 27701) — bash /home/mike/ARS_Suite/j-log/run.sh --launched-by-hub
2026-04-18 15:01:54.197 INFO  com.hamradio.jhub.AppLauncher — Launched 'j-bridge' (pid 27705) — bash /home/mike/ARS_Suite/j-bridge/run.sh --launched-by-hub
2026-04-18 15:01:54.199 INFO  com.hamradio.jhub.AppLauncher — Launched 'j-digi' (pid 27709) — bash /home/mike/ARS_Suite/j-digi/run.sh
2026-04-18 15:01:54.200 INFO  com.hamradio.jhub.JHubMain — === j-Hub ready ===
2026-04-18 15:01:58.101 INFO  com.hamradio.jhub.JHubServer — New connection from /127.0.0.1:59990
2026-04-18 15:01:58.153 INFO  com.hamradio.jhub.JHubServer — App registered: jBridge v1.0.0
2026-04-18 15:01:58.163 DEBUG com.hamradio.jhub.JHubServer — State replayed to 'jBridge'
2026-04-18 15:01:59.515 INFO  com.hamradio.jhub.JHubServer — New connection from /127.0.0.1:60002
2026-04-18 15:01:59.538 INFO  com.hamradio.jhub.JHubServer — App registered: j-digi v0.1.0
2026-04-18 15:01:59.539 DEBUG com.hamradio.jhub.JHubServer — State replayed to 'j-digi'
2026-04-18 15:02:00.593 INFO  com.hamradio.jhub.JHubServer — New connection from /127.0.0.1:60010
2026-04-18 15:02:00.599 INFO  com.hamradio.jhub.JHubServer — App registered: j-map v1.0.0
2026-04-18 15:02:00.600 DEBUG com.hamradio.jhub.JHubServer — State replayed to 'j-map'
2026-04-18 15:02:10.601 INFO  com.hamradio.jhub.JHubServer — App 'j-map' disconnected (code=1000, reason=)
2026-04-18 15:02:10.602 INFO  com.hamradio.jhub.MessageRouter — Routing: app 'j-map' removed
2026-04-18 15:02:18.636 INFO  com.hamradio.jhub.JHubServer — App 'jBridge' disconnected (code=1000, reason=)
2026-04-18 15:02:18.637 INFO  com.hamradio.jhub.MessageRouter — Routing: app 'jBridge' removed
2026-04-18 15:02:28.253 INFO  com.hamradio.jhub.JHubServer — New connection from /[0:0:0:0:0:0:0:1]:51630
2026-04-18 15:02:28.304 INFO  com.hamradio.jhub.JHubServer — App registered: webconfig v1.0
2026-04-18 15:02:28.306 DEBUG com.hamradio.jhub.JHubServer — State replayed to 'webconfig'
2026-04-18 15:02:43.885 INFO  com.hamradio.jhub.AppLauncher — Stopped 'jMap'
2026-04-18 15:02:48.779 INFO  com.hamradio.jhub.AppLauncher — Stopped 'j-log'
2026-04-18 15:03:03.371 INFO  com.hamradio.jhub.JHubServer — App 'webconfig' disconnected (code=1006, reason=)
2026-04-18 15:03:03.371 INFO  com.hamradio.jhub.MessageRouter — Routing: app 'webconfig' removed
2026-04-18 15:11:48.794 INFO  com.hamradio.jhub.JHubServer — App 'j-digi' disconnected (code=1000, reason=)
2026-04-18 15:11:48.796 INFO  com.hamradio.jhub.MessageRouter — Routing: app 'j-digi' removed
2026-04-18 15:35:24.625 INFO  c.hamradio.jhub.ui.JHubStatusWindow — Closing DX telnet session before exit
2026-04-18 15:35:24.630 INFO  com.hamradio.jhub.ClusterManager — ClusterManager disconnected and stopped
2026-04-18 15:35:24.635 INFO  com.hamradio.jhub.JHubMain — Shutdown initiated ...
2026-04-18 15:35:24.636 INFO  com.hamradio.jhub.JHubMain — SHUTDOWN broadcast sent to all connected apps — waiting 750 ms
2026-04-18 15:35:25.389 INFO  com.hamradio.jhub.ClusterManager — ClusterManager disconnected and stopped
2026-04-18 15:35:25.424 INFO  com.hamradio.jhub.JHubMain — J-Hub stopped.
2026-04-18 16:03:28.997 INFO  com.hamradio.jhub.JHubMain — === j-Hub starting  [WM3j ARS Suite] ===
2026-04-18 16:03:29.066 INFO  com.hamradio.jhub.ConfigManager — Configuration loaded from /home/mike/ARS_Suite/j-hub/j-hub.json
2026-04-18 16:03:29.067 INFO  com.hamradio.jhub.JHubMain — Config loaded — WS port 8080, web port 8081
2026-04-18 16:03:29.103 INFO  com.hamradio.jhub.SpotEnricher — DXCC prefix table loaded: 452 entries
2026-04-18 16:03:29.110 INFO  com.hamradio.jhub.JHubMain — WebSocket server listening on port 8080
2026-04-18 16:03:29.130 INFO  com.hamradio.jhub.JHubServer — JHubServer WebSocket listener started
2026-04-18 16:03:29.271 INFO  com.hamradio.jhub.WebConfigServer — Web config server started on port 8081
2026-04-18 16:03:29.271 INFO  com.hamradio.jhub.JHubMain — Web config UI at http://localhost:8081
2026-04-18 16:03:29.273 INFO  com.hamradio.jhub.JHubMain — Cluster autoConnect disabled — use Web Config UI to connect
2026-04-18 16:03:29.280 INFO  com.hamradio.jhub.JHubDiscovery — J-Hub discovery beacon started on UDP port 9999
2026-04-18 16:03:29.288 INFO  com.hamradio.jhub.AppLauncher — Launched 'jMap' (pid 30961) — cd /home/mike/ARS_Suite/j-map && mvn javafx:run -q
2026-04-18 16:03:29.290 INFO  com.hamradio.jhub.AppLauncher — Launched 'j-log' (pid 30966) — bash /home/mike/ARS_Suite/j-log/run.sh --launched-by-hub
2026-04-18 16:03:29.292 INFO  com.hamradio.jhub.AppLauncher — Launched 'j-bridge' (pid 30969) — bash /home/mike/ARS_Suite/j-bridge/run.sh --launched-by-hub
2026-04-18 16:03:29.293 INFO  com.hamradio.jhub.AppLauncher — Launched 'j-digi' (pid 30972) — bash /home/mike/ARS_Suite/j-digi/run.sh
2026-04-18 16:03:29.294 INFO  com.hamradio.jhub.JHubMain — === j-Hub ready ===
2026-04-18 16:03:32.441 INFO  com.hamradio.jhub.JHubServer — New connection from /127.0.0.1:42638
2026-04-18 16:03:32.509 INFO  com.hamradio.jhub.JHubServer — App registered: jBridge v1.0.0
2026-04-18 16:03:32.539 DEBUG com.hamradio.jhub.JHubServer — State replayed to 'jBridge'
2026-04-18 16:03:34.105 INFO  com.hamradio.jhub.JHubServer — New connection from /127.0.0.1:42652
2026-04-18 16:03:34.124 INFO  com.hamradio.jhub.JHubServer — App registered: j-digi v0.1.0
2026-04-18 16:03:34.126 DEBUG com.hamradio.jhub.JHubServer — State replayed to 'j-digi'
2026-04-18 16:03:34.904 INFO  com.hamradio.jhub.JHubServer — New connection from /127.0.0.1:32860
2026-04-18 16:03:34.908 INFO  com.hamradio.jhub.JHubServer — App registered: j-map v1.0.0
2026-04-18 16:03:34.909 DEBUG com.hamradio.jhub.JHubServer — State replayed to 'j-map'
2026-04-18 16:03:56.651 INFO  com.hamradio.jhub.JHubServer — New connection from /[0:0:0:0:0:0:0:1]:59720
2026-04-18 16:03:56.687 INFO  com.hamradio.jhub.JHubServer — App registered: webconfig v1.0.0
2026-04-18 16:03:56.706 DEBUG com.hamradio.jhub.JHubServer — State replayed to 'webconfig'
2026-04-18 16:04:48.391 INFO  com.hamradio.jhub.JHubServer — App 'j-digi' disconnected (code=1000, reason=)
2026-04-18 16:04:48.391 INFO  com.hamradio.jhub.MessageRouter — Routing: app 'j-digi' removed
2026-04-18 16:04:50.549 INFO  com.hamradio.jhub.JHubServer — App 'webconfig' disconnected (code=1006, reason=)
2026-04-18 16:04:50.551 INFO  com.hamradio.jhub.MessageRouter — Routing: app 'webconfig' removed
2026-04-18 16:04:52.306 INFO  com.hamradio.jhub.JHubServer — App 'j-map' disconnected (code=1000, reason=)
2026-04-18 16:04:52.306 INFO  com.hamradio.jhub.MessageRouter — Routing: app 'j-map' removed
2026-04-18 16:04:54.342 INFO  com.hamradio.jhub.JHubServer — App 'jBridge' disconnected (code=1000, reason=)
2026-04-18 16:04:54.342 INFO  com.hamradio.jhub.MessageRouter — Routing: app 'jBridge' removed
2026-04-18 16:04:58.755 INFO  c.hamradio.jhub.ui.JHubStatusWindow — Closing DX telnet session before exit
2026-04-18 16:04:58.758 INFO  com.hamradio.jhub.ClusterManager — ClusterManager disconnected and stopped
2026-04-18 16:04:58.764 INFO  com.hamradio.jhub.JHubMain — Shutdown initiated ...
2026-04-18 16:04:58.765 INFO  com.hamradio.jhub.JHubMain — SHUTDOWN broadcast sent to all connected apps — waiting 750 ms
2026-04-18 16:04:59.547 INFO  com.hamradio.jhub.AppLauncher — Stopped 'jMap' during shutdown
2026-04-18 16:04:59.561 INFO  com.hamradio.jhub.AppLauncher — Stopped 'j-log' during shutdown
2026-04-18 16:04:59.562 INFO  com.hamradio.jhub.ClusterManager — ClusterManager disconnected and stopped
2026-04-18 16:04:59.590 INFO  com.hamradio.jhub.JHubMain — J-Hub stopped.
2026-04-18 16:09:42.577 INFO  com.hamradio.jhub.JHubMain — === j-Hub starting  [WM3j ARS Suite] ===
2026-04-18 16:09:42.645 INFO  com.hamradio.jhub.ConfigManager — Configuration loaded from /home/mike/ARS_Suite/j-hub/j-hub.json
2026-04-18 16:09:42.646 INFO  com.hamradio.jhub.JHubMain — Config loaded — WS port 8080, web port 8081
2026-04-18 16:09:42.677 INFO  com.hamradio.jhub.SpotEnricher — DXCC prefix table loaded: 452 entries
2026-04-18 16:09:42.683 INFO  com.hamradio.jhub.JHubMain — WebSocket server listening on port 8080
2026-04-18 16:09:42.693 INFO  com.hamradio.jhub.JHubServer — JHubServer WebSocket listener started
2026-04-18 16:09:42.813 INFO  com.hamradio.jhub.WebConfigServer — Web config server started on port 8081
2026-04-18 16:09:42.813 INFO  com.hamradio.jhub.JHubMain — Web config UI at http://localhost:8081
2026-04-18 16:09:42.815 INFO  com.hamradio.jhub.JHubMain — Cluster autoConnect disabled — use Web Config UI to connect
2026-04-18 16:09:42.822 INFO  com.hamradio.jhub.JHubDiscovery — J-Hub discovery beacon started on UDP port 9999
2026-04-18 16:09:42.829 INFO  com.hamradio.jhub.AppLauncher — Launched 'jMap' (pid 31571) — cd /home/mike/ARS_Suite/j-map && mvn javafx:run -q
2026-04-18 16:09:42.830 INFO  com.hamradio.jhub.AppLauncher — Launched 'j-log' (pid 31575) — bash /home/mike/ARS_Suite/j-log/run.sh --launched-by-hub
2026-04-18 16:09:42.834 INFO  com.hamradio.jhub.AppLauncher — Launched 'j-bridge' (pid 31579) — bash /home/mike/ARS_Suite/j-bridge/run.sh --launched-by-hub
2026-04-18 16:09:42.837 INFO  com.hamradio.jhub.AppLauncher — Launched 'j-digi' (pid 31585) — bash /home/mike/ARS_Suite/j-digi/run.sh
2026-04-18 16:09:42.840 INFO  com.hamradio.jhub.JHubMain — === j-Hub ready ===
2026-04-18 16:09:45.773 INFO  com.hamradio.jhub.JHubServer — New connection from /127.0.0.1:50684
2026-04-18 16:09:45.842 INFO  com.hamradio.jhub.JHubServer — App registered: jBridge v1.0.0
2026-04-18 16:09:45.864 DEBUG com.hamradio.jhub.JHubServer — State replayed to 'jBridge'
2026-04-18 16:09:47.580 INFO  com.hamradio.jhub.JHubServer — New connection from /127.0.0.1:50698
2026-04-18 16:09:47.596 INFO  com.hamradio.jhub.JHubServer — App registered: j-digi v0.1.0
2026-04-18 16:09:47.601 DEBUG com.hamradio.jhub.JHubServer — State replayed to 'j-digi'
2026-04-18 16:09:48.197 INFO  com.hamradio.jhub.JHubServer — New connection from /127.0.0.1:50700
2026-04-18 16:09:48.207 INFO  com.hamradio.jhub.JHubServer — App registered: j-map v1.0.0
2026-04-18 16:09:48.209 DEBUG com.hamradio.jhub.JHubServer — State replayed to 'j-map'
2026-04-18 16:10:04.691 INFO  com.hamradio.jhub.JHubServer — App 'j-map' disconnected (code=1000, reason=)
2026-04-18 16:10:04.691 INFO  com.hamradio.jhub.MessageRouter — Routing: app 'j-map' removed
2026-04-18 16:10:31.727 INFO  com.hamradio.jhub.JHubServer — App 'j-digi' disconnected (code=1000, reason=)
2026-04-18 16:10:31.729 INFO  com.hamradio.jhub.MessageRouter — Routing: app 'j-digi' removed
2026-04-18 16:10:33.905 INFO  com.hamradio.jhub.JHubServer — New connection from /127.0.0.1:54194
2026-04-18 16:10:33.912 INFO  com.hamradio.jhub.JHubServer — App registered: j-log v1.0.0
2026-04-18 16:10:33.914 DEBUG com.hamradio.jhub.JHubServer — State replayed to 'j-log'
2026-04-18 16:10:39.052 INFO  com.hamradio.jhub.JHubServer — App 'jBridge' disconnected (code=1000, reason=)
2026-04-18 16:10:39.053 INFO  com.hamradio.jhub.MessageRouter — Routing: app 'jBridge' removed
2026-04-18 16:10:41.178 INFO  c.hamradio.jhub.ui.JHubStatusWindow — Closing DX telnet session before exit
2026-04-18 16:10:41.182 INFO  com.hamradio.jhub.ClusterManager — ClusterManager disconnected and stopped
2026-04-18 16:10:41.186 INFO  com.hamradio.jhub.JHubMain — Shutdown initiated ...
2026-04-18 16:10:41.188 INFO  com.hamradio.jhub.JHubMain — SHUTDOWN broadcast sent to all connected apps — waiting 750 ms
2026-04-18 16:10:41.948 INFO  com.hamradio.jhub.AppLauncher — Stopped 'jMap' during shutdown
2026-04-18 16:10:41.960 INFO  com.hamradio.jhub.AppLauncher — Stopped 'j-log' during shutdown
2026-04-18 16:10:41.961 INFO  com.hamradio.jhub.ClusterManager — ClusterManager disconnected and stopped
2026-04-18 16:10:41.973 INFO  com.hamradio.jhub.JHubServer — App 'j-log' disconnected (code=1001, reason=)
2026-04-18 16:10:41.973 INFO  com.hamradio.jhub.MessageRouter — Routing: app 'j-log' removed
2026-04-18 16:10:41.975 INFO  com.hamradio.jhub.JHubMain — J-Hub stopped.
2026-04-18 16:29:31.200 INFO  com.hamradio.jhub.JHubMain — === j-Hub starting  [WM3j ARS Suite] ===
2026-04-18 16:29:31.265 INFO  com.hamradio.jhub.ConfigManager — Configuration loaded from /home/mike/ARS_Suite/j-hub/j-hub.json
2026-04-18 16:29:31.266 INFO  com.hamradio.jhub.JHubMain — Config loaded — WS port 8080, web port 8081
2026-04-18 16:29:31.291 INFO  com.hamradio.jhub.SpotEnricher — DXCC prefix table loaded: 452 entries
2026-04-18 16:29:31.299 INFO  com.hamradio.jhub.JHubMain — WebSocket server listening on port 8080
2026-04-18 16:29:31.311 INFO  com.hamradio.jhub.JHubServer — JHubServer WebSocket listener started
2026-04-18 16:29:31.445 INFO  com.hamradio.jhub.WebConfigServer — Web config server started on port 8081
2026-04-18 16:29:31.445 INFO  com.hamradio.jhub.JHubMain — Web config UI at http://localhost:8081
2026-04-18 16:29:31.446 INFO  com.hamradio.jhub.JHubMain — Cluster autoConnect disabled — use Web Config UI to connect
2026-04-18 16:29:31.453 INFO  com.hamradio.jhub.JHubDiscovery — J-Hub discovery beacon started on UDP port 9999
2026-04-18 16:29:31.460 INFO  com.hamradio.jhub.AppLauncher — Launched 'jMap' (pid 32302) — cd /home/mike/ARS_Suite/j-map && mvn javafx:run -q
2026-04-18 16:29:31.462 INFO  com.hamradio.jhub.AppLauncher — Launched 'j-log' (pid 32307) — bash /home/mike/ARS_Suite/j-log/run.sh --launched-by-hub
2026-04-18 16:29:31.464 INFO  com.hamradio.jhub.AppLauncher — Launched 'j-bridge' (pid 32310) — bash /home/mike/ARS_Suite/j-bridge/run.sh --launched-by-hub
2026-04-18 16:29:31.468 INFO  com.hamradio.jhub.AppLauncher — Launched 'j-digi' (pid 32315) — bash /home/mike/ARS_Suite/j-digi/run.sh
2026-04-18 16:29:31.469 INFO  com.hamradio.jhub.JHubMain — === j-Hub ready ===
2026-04-18 16:29:34.698 INFO  com.hamradio.jhub.JHubServer — New connection from /127.0.0.1:48444
2026-04-18 16:29:34.796 INFO  com.hamradio.jhub.JHubServer — App registered: jBridge v1.0.0
2026-04-18 16:29:34.852 DEBUG com.hamradio.jhub.JHubServer — State replayed to 'jBridge'
2026-04-18 16:29:36.114 INFO  com.hamradio.jhub.JHubServer — New connection from /127.0.0.1:56110
2026-04-18 16:29:36.144 INFO  com.hamradio.jhub.JHubServer — App registered: j-digi v0.1.0
2026-04-18 16:29:36.148 DEBUG com.hamradio.jhub.JHubServer — State replayed to 'j-digi'
2026-04-18 16:29:36.893 INFO  com.hamradio.jhub.JHubServer — New connection from /127.0.0.1:56126
2026-04-18 16:29:36.900 INFO  com.hamradio.jhub.JHubServer — App registered: j-map v1.0.0
2026-04-18 16:29:36.901 DEBUG com.hamradio.jhub.JHubServer — State replayed to 'j-map'
2026-04-18 16:29:51.524 INFO  com.hamradio.jhub.JHubServer — App 'j-map' disconnected (code=1000, reason=)
2026-04-18 16:29:51.525 INFO  com.hamradio.jhub.MessageRouter — Routing: app 'j-map' removed
2026-04-18 16:32:19.453 INFO  com.hamradio.jhub.JHubServer — App 'j-digi' disconnected (code=1000, reason=)
2026-04-18 16:32:19.454 INFO  com.hamradio.jhub.MessageRouter — Routing: app 'j-digi' removed
2026-04-18 16:32:21.587 INFO  com.hamradio.jhub.JHubServer — App 'jBridge' disconnected (code=1000, reason=)
2026-04-18 16:32:21.592 INFO  com.hamradio.jhub.MessageRouter — Routing: app 'jBridge' removed
2026-04-18 16:32:25.827 INFO  c.hamradio.jhub.ui.JHubStatusWindow — Closing DX telnet session before exit
2026-04-18 16:32:25.828 INFO  com.hamradio.jhub.ClusterManager — ClusterManager disconnected and stopped
2026-04-18 16:32:25.830 INFO  com.hamradio.jhub.JHubMain — Shutdown initiated ...
2026-04-18 16:32:25.830 INFO  com.hamradio.jhub.JHubMain — SHUTDOWN broadcast sent to all connected apps — waiting 750 ms
2026-04-18 16:32:26.599 INFO  com.hamradio.jhub.AppLauncher — Stopped 'jMap' during shutdown
2026-04-18 16:32:26.600 INFO  com.hamradio.jhub.ClusterManager — ClusterManager disconnected and stopped
2026-04-18 16:32:26.635 INFO  com.hamradio.jhub.JHubMain — J-Hub stopped.
2026-04-18 17:16:56.330 INFO  com.hamradio.jhub.JHubMain — === j-Hub starting  [WM3j ARS Suite] ===
2026-04-18 17:16:56.397 INFO  com.hamradio.jhub.ConfigManager — Configuration loaded from /home/mike/ARS_Suite/j-hub/j-hub.json
2026-04-18 17:16:56.399 INFO  com.hamradio.jhub.JHubMain — Config loaded — WS port 8080, web port 8081
2026-04-18 17:16:56.431 INFO  com.hamradio.jhub.SpotEnricher — DXCC prefix table loaded: 452 entries
2026-04-18 17:16:56.438 INFO  com.hamradio.jhub.JHubMain — WebSocket server listening on port 8080
2026-04-18 17:16:56.453 INFO  com.hamradio.jhub.JHubServer — JHubServer WebSocket listener started
2026-04-18 17:16:56.578 INFO  com.hamradio.jhub.WebConfigServer — Web config server started on port 8081
2026-04-18 17:16:56.578 INFO  com.hamradio.jhub.JHubMain — Web config UI at http://localhost:8081
2026-04-18 17:16:56.580 INFO  com.hamradio.jhub.JHubMain — Cluster autoConnect disabled — use Web Config UI to connect
2026-04-18 17:16:56.584 INFO  com.hamradio.jhub.JHubDiscovery — J-Hub discovery beacon started on UDP port 9999
2026-04-18 17:16:56.591 INFO  com.hamradio.jhub.AppLauncher — Launched 'jMap' (pid 36644) — cd /home/mike/ARS_Suite/j-map && mvn javafx:run -q
2026-04-18 17:16:56.594 INFO  com.hamradio.jhub.AppLauncher — Launched 'j-log' (pid 36649) — bash /home/mike/ARS_Suite/j-log/run.sh --launched-by-hub
2026-04-18 17:16:56.596 INFO  com.hamradio.jhub.AppLauncher — Launched 'j-bridge' (pid 36652) — bash /home/mike/ARS_Suite/j-bridge/run.sh --launched-by-hub
2026-04-18 17:16:56.598 INFO  com.hamradio.jhub.AppLauncher — Launched 'j-digi' (pid 36658) — bash /home/mike/ARS_Suite/j-digi/run.sh
2026-04-18 17:16:56.599 INFO  com.hamradio.jhub.JHubMain — === j-Hub ready ===
2026-04-18 17:16:59.890 INFO  com.hamradio.jhub.JHubServer — New connection from /127.0.0.1:37802
2026-04-18 17:16:59.945 INFO  com.hamradio.jhub.JHubServer — App registered: jBridge v1.0.0
2026-04-18 17:17:00.041 DEBUG com.hamradio.jhub.JHubServer — State replayed to 'jBridge'
2026-04-18 17:17:02.049 INFO  com.hamradio.jhub.JHubServer — New connection from /127.0.0.1:37812
2026-04-18 17:17:02.055 INFO  com.hamradio.jhub.JHubServer — App registered: j-map v1.0.0
2026-04-18 17:17:02.061 DEBUG com.hamradio.jhub.JHubServer — State replayed to 'j-map'
2026-04-18 17:17:14.428 INFO  com.hamradio.jhub.JHubServer — New connection from /127.0.0.1:40876
2026-04-18 17:17:14.447 INFO  com.hamradio.jhub.JHubServer — App registered: j-digi v0.1.0
2026-04-18 17:17:14.457 DEBUG com.hamradio.jhub.JHubServer — State replayed to 'j-digi'
2026-04-18 17:17:32.020 INFO  com.hamradio.jhub.JHubServer — App 'j-digi' disconnected (code=1000, reason=)
2026-04-18 17:17:32.026 INFO  com.hamradio.jhub.MessageRouter — Routing: app 'j-digi' removed
2026-04-18 17:17:43.450 INFO  com.hamradio.jhub.JHubServer — App 'j-map' disconnected (code=1000, reason=)
2026-04-18 17:17:43.451 INFO  com.hamradio.jhub.MessageRouter — Routing: app 'j-map' removed
2026-04-18 17:17:47.819 INFO  com.hamradio.jhub.JHubServer — App 'jBridge' disconnected (code=1000, reason=)
2026-04-18 17:17:47.820 INFO  com.hamradio.jhub.MessageRouter — Routing: app 'jBridge' removed
2026-04-18 17:17:49.753 INFO  com.hamradio.jhub.JHubServer — New connection from /127.0.0.1:36522
2026-04-18 17:17:49.757 INFO  com.hamradio.jhub.JHubServer — App registered: j-log v1.0.0
2026-04-18 17:17:49.759 DEBUG com.hamradio.jhub.JHubServer — State replayed to 'j-log'
2026-04-18 17:50:42.104 INFO  com.hamradio.jhub.AppLauncher — Stopped 'j-log'
2026-04-18 17:50:42.105 INFO  c.hamradio.jhub.ui.JHubStatusWindow — Stopped j-log from status window
2026-04-18 17:50:42.139 INFO  com.hamradio.jhub.JHubServer — App 'j-log' disconnected (code=1006, reason=)
2026-04-18 17:50:42.140 INFO  com.hamradio.jhub.MessageRouter — Routing: app 'j-log' removed
2026-04-18 17:50:43.829 INFO  com.hamradio.jhub.AppLauncher — Stopped 'jMap'
2026-04-18 17:50:43.830 INFO  c.hamradio.jhub.ui.JHubStatusWindow — Stopped jMap from status window
2026-04-18 17:50:51.286 INFO  c.hamradio.jhub.ui.JHubStatusWindow — Closing DX telnet session before exit
2026-04-18 17:50:51.290 INFO  com.hamradio.jhub.ClusterManager — ClusterManager disconnected and stopped
2026-04-18 17:50:51.296 INFO  com.hamradio.jhub.JHubMain — Shutdown initiated ...
2026-04-18 17:50:51.297 INFO  com.hamradio.jhub.JHubMain — SHUTDOWN broadcast sent to all connected apps — waiting 750 ms
2026-04-18 17:50:52.050 INFO  com.hamradio.jhub.ClusterManager — ClusterManager disconnected and stopped
2026-04-18 17:50:52.099 INFO  com.hamradio.jhub.JHubMain — J-Hub stopped.
2026-04-18 18:00:53.308 INFO  com.hamradio.jhub.JHubMain — === j-Hub starting  [WM3j ARS Suite] ===
2026-04-18 18:00:53.374 INFO  com.hamradio.jhub.ConfigManager — Configuration loaded from /home/mike/ARS_Suite/j-hub/j-hub.json
2026-04-18 18:00:53.376 INFO  com.hamradio.jhub.JHubMain — Config loaded — WS port 8080, web port 8081
2026-04-18 18:00:53.407 INFO  com.hamradio.jhub.SpotEnricher — DXCC prefix table loaded: 452 entries
2026-04-18 18:00:53.416 INFO  com.hamradio.jhub.JHubMain — WebSocket server listening on port 8080
2026-04-18 18:00:53.428 INFO  com.hamradio.jhub.JHubServer — JHubServer WebSocket listener started
2026-04-18 18:00:53.568 INFO  com.hamradio.jhub.WebConfigServer — Web config server started on port 8081
2026-04-18 18:00:53.568 INFO  com.hamradio.jhub.JHubMain — Web config UI at http://localhost:8081
2026-04-18 18:00:53.570 INFO  com.hamradio.jhub.JHubMain — Cluster autoConnect disabled — use Web Config UI to connect
2026-04-18 18:00:53.578 INFO  com.hamradio.jhub.JHubDiscovery — J-Hub discovery beacon started on UDP port 9999
2026-04-18 18:00:53.586 INFO  com.hamradio.jhub.AppLauncher — Launched 'jMap' (pid 39154) — cd /home/mike/ARS_Suite/j-map && mvn javafx:run -q
2026-04-18 18:00:53.590 INFO  com.hamradio.jhub.AppLauncher — Launched 'j-log' (pid 39158) — bash /home/mike/ARS_Suite/j-log/run.sh --launched-by-hub
2026-04-18 18:00:53.593 INFO  com.hamradio.jhub.AppLauncher — Launched 'j-bridge' (pid 39162) — bash /home/mike/ARS_Suite/j-bridge/run.sh --launched-by-hub
2026-04-18 18:00:53.595 INFO  com.hamradio.jhub.AppLauncher — Launched 'j-digi' (pid 39167) — bash /home/mike/ARS_Suite/j-digi/run.sh
2026-04-18 18:00:53.596 INFO  com.hamradio.jhub.JHubMain — === j-Hub ready ===
2026-04-18 18:00:56.648 INFO  com.hamradio.jhub.JHubServer — New connection from /127.0.0.1:41862
2026-04-18 18:00:56.786 INFO  com.hamradio.jhub.JHubServer — App registered: jBridge v1.0.0
2026-04-18 18:00:56.824 DEBUG com.hamradio.jhub.JHubServer — State replayed to 'jBridge'
2026-04-18 18:00:59.172 INFO  com.hamradio.jhub.JHubServer — New connection from /127.0.0.1:41878
2026-04-18 18:00:59.179 INFO  com.hamradio.jhub.JHubServer — App registered: j-map v1.0.0
2026-04-18 18:00:59.184 DEBUG com.hamradio.jhub.JHubServer — State replayed to 'j-map'
2026-04-18 18:01:17.118 INFO  com.hamradio.jhub.JHubServer — New connection from /127.0.0.1:48104
2026-04-18 18:01:17.147 INFO  com.hamradio.jhub.JHubServer — App registered: j-digi v0.1.0
2026-04-18 18:01:17.161 DEBUG com.hamradio.jhub.JHubServer — State replayed to 'j-digi'
2026-04-18 18:02:30.032 INFO  com.hamradio.jhub.JHubServer — New connection from /[0:0:0:0:0:0:0:1]:50552
2026-04-18 18:02:30.048 INFO  com.hamradio.jhub.JHubServer — App registered: webconfig v1.0.0
2026-04-18 18:02:30.057 DEBUG com.hamradio.jhub.JHubServer — State replayed to 'webconfig'
2026-04-18 18:03:05.931 INFO  com.hamradio.jhub.JHubServer — App 'webconfig' disconnected (code=1006, reason=)
2026-04-18 18:03:05.932 INFO  com.hamradio.jhub.MessageRouter — Routing: app 'webconfig' removed
2026-04-18 18:03:09.789 INFO  c.hamradio.jhub.ui.JHubStatusWindow — Closing DX telnet session before exit
2026-04-18 18:03:09.792 INFO  com.hamradio.jhub.ClusterManager — ClusterManager disconnected and stopped
2026-04-18 18:03:09.798 INFO  com.hamradio.jhub.JHubMain — Shutdown initiated ...
2026-04-18 18:03:09.800 INFO  com.hamradio.jhub.JHubMain — SHUTDOWN broadcast sent to all connected apps — waiting 750 ms
2026-04-18 18:03:09.810 INFO  com.hamradio.jhub.JHubServer — App 'jBridge' disconnected (code=1000, reason=)
2026-04-18 18:03:09.811 INFO  com.hamradio.jhub.MessageRouter — Routing: app 'jBridge' removed
2026-04-18 18:03:09.825 INFO  com.hamradio.jhub.JHubServer — App 'j-digi' disconnected (code=1000, reason=)
2026-04-18 18:03:09.827 INFO  com.hamradio.jhub.MessageRouter — Routing: app 'j-digi' removed
2026-04-18 18:03:10.583 INFO  com.hamradio.jhub.AppLauncher — Stopped 'jMap' during shutdown
2026-04-18 18:03:10.600 INFO  com.hamradio.jhub.AppLauncher — Stopped 'j-log' during shutdown
2026-04-18 18:03:10.601 INFO  com.hamradio.jhub.ClusterManager — ClusterManager disconnected and stopped
2026-04-18 18:03:10.612 INFO  com.hamradio.jhub.JHubServer — App 'j-map' disconnected (code=1001, reason=)
2026-04-18 18:03:10.613 INFO  com.hamradio.jhub.MessageRouter — Routing: app 'j-map' removed
2026-04-18 18:03:10.614 INFO  com.hamradio.jhub.JHubMain — J-Hub stopped.
2026-04-18 21:54:23.691 INFO  com.hamradio.jhub.JHubMain — === j-Hub starting  [WM3j ARS Suite] ===
2026-04-18 21:54:23.759 INFO  com.hamradio.jhub.ConfigManager — Configuration loaded from /home/mike/ARS_Suite/j-hub/j-hub.json
2026-04-18 21:54:23.760 INFO  com.hamradio.jhub.JHubMain — Config loaded — WS port 8080, web port 8081
2026-04-18 21:54:23.785 INFO  com.hamradio.jhub.SpotEnricher — DXCC prefix table loaded: 452 entries
2026-04-18 21:54:23.794 INFO  com.hamradio.jhub.JHubMain — WebSocket server listening on port 8080
2026-04-18 21:54:23.806 INFO  com.hamradio.jhub.JHubServer — JHubServer WebSocket listener started
2026-04-18 21:54:23.969 INFO  com.hamradio.jhub.WebConfigServer — Web config server started on port 8081
2026-04-18 21:54:23.969 INFO  com.hamradio.jhub.JHubMain — Web config UI at http://localhost:8081
2026-04-18 21:54:23.971 INFO  com.hamradio.jhub.JHubMain — Cluster autoConnect disabled — use Web Config UI to connect
2026-04-18 21:54:23.981 INFO  com.hamradio.jhub.JHubDiscovery — J-Hub discovery beacon started on UDP port 9999
2026-04-18 21:54:23.994 INFO  com.hamradio.jhub.AppLauncher — Launched 'jMap' (pid 46398) — cd /home/mike/ARS_Suite/j-map && mvn javafx:run -q
2026-04-18 21:54:23.996 INFO  com.hamradio.jhub.AppLauncher — Launched 'j-log' (pid 46404) — bash /home/mike/ARS_Suite/j-log/run.sh --launched-by-hub
2026-04-18 21:54:23.998 INFO  com.hamradio.jhub.AppLauncher — Launched 'j-bridge' (pid 46407) — bash /home/mike/ARS_Suite/j-bridge/run.sh --launched-by-hub
2026-04-18 21:54:24.000 INFO  com.hamradio.jhub.AppLauncher — Launched 'j-digi' (pid 46411) — bash /home/mike/ARS_Suite/j-digi/run.sh
2026-04-18 21:54:24.001 INFO  com.hamradio.jhub.JHubMain — === j-Hub ready ===
2026-04-18 21:54:26.924 INFO  com.hamradio.jhub.JHubServer — New connection from /127.0.0.1:57458
2026-04-18 21:54:26.981 INFO  com.hamradio.jhub.JHubServer — App registered: jBridge v1.0.0
2026-04-18 21:54:27.020 DEBUG com.hamradio.jhub.JHubServer — State replayed to 'jBridge'
2026-04-18 21:54:29.114 INFO  com.hamradio.jhub.JHubServer — New connection from /127.0.0.1:57466
2026-04-18 21:54:29.123 INFO  com.hamradio.jhub.JHubServer — App registered: j-map v1.0.0
2026-04-18 21:54:29.125 DEBUG com.hamradio.jhub.JHubServer — State replayed to 'j-map'
2026-04-18 21:54:29.429 INFO  com.hamradio.jhub.JHubServer — New connection from /127.0.0.1:57476
2026-04-18 21:54:29.449 INFO  com.hamradio.jhub.JHubServer — App registered: j-digi v0.1.0
2026-04-18 21:54:29.450 DEBUG com.hamradio.jhub.JHubServer — State replayed to 'j-digi'
2026-04-18 21:54:40.488 DEBUG com.hamradio.jhub.MessageRouter — SPOT_SELECTED → RIG_STATUS freq=7149900 mode=SSB
2026-04-18 21:55:33.805 INFO  com.hamradio.jhub.JHubServer — New connection from /127.0.0.1:56928
2026-04-18 21:55:33.809 INFO  com.hamradio.jhub.JHubServer — App registered: j-log v1.0.0
2026-04-18 21:55:33.811 DEBUG com.hamradio.jhub.JHubServer — State replayed to 'j-log'
2026-04-18 21:55:42.796 INFO  com.hamradio.jhub.JHubServer — New connection from /[0:0:0:0:0:0:0:1]:46010
2026-04-18 21:55:42.826 INFO  com.hamradio.jhub.JHubServer — App registered: webconfig v1.0.0
2026-04-18 21:55:42.852 DEBUG com.hamradio.jhub.JHubServer — State replayed to 'webconfig'
2026-04-18 21:57:25.203 INFO  com.hamradio.jhub.ConfigManager — Configuration saved to /home/mike/ARS_Suite/j-hub/j-hub.json
2026-04-18 21:57:49.109 INFO  com.hamradio.jhub.ConfigManager — Configuration saved to /home/mike/ARS_Suite/j-hub/j-hub.json
2026-04-18 21:57:55.268 INFO  com.hamradio.jhub.ConfigManager — Configuration saved to /home/mike/ARS_Suite/j-hub/j-hub.json
2026-04-18 21:58:13.275 INFO  com.hamradio.jhub.JHubServer — App 'jBridge' disconnected (code=1000, reason=)
2026-04-18 21:58:13.276 INFO  com.hamradio.jhub.MessageRouter — Routing: app 'jBridge' removed
2026-04-18 21:58:47.027 INFO  com.hamradio.jhub.JHubServer — App 'j-digi' disconnected (code=1000, reason=)
2026-04-18 21:58:47.028 INFO  com.hamradio.jhub.MessageRouter — Routing: app 'j-digi' removed
2026-04-18 21:58:53.822 INFO  com.hamradio.jhub.JHubServer — App 'j-map' disconnected (code=1000, reason=)
2026-04-18 21:58:53.823 INFO  com.hamradio.jhub.MessageRouter — Routing: app 'j-map' removed
2026-04-18 21:59:18.090 INFO  com.hamradio.jhub.ConfigManager — Configuration saved to /home/mike/ARS_Suite/j-hub/j-hub.json
2026-04-18 21:59:18.092 INFO  com.hamradio.jhub.ClusterManager — Connecting to DX cluster dx.middlebrook.ca:8000 …
2026-04-18 21:59:20.279 INFO  com.hamradio.jhub.ClusterManager — Connected to cluster dx.middlebrook.ca:8000
2026-04-18 21:59:30.216 DEBUG com.hamradio.jhub.ClusterManager — Spot: HK6JG N5TJ 14074000Hz
2026-04-18 21:59:34.949 DEBUG com.hamradio.jhub.ClusterManager — Spot: WA3AAN NF8M 3544900Hz
2026-04-18 21:59:44.948 DEBUG com.hamradio.jhub.ClusterManager — Spot: KU4YW K8NWN 7251600Hz
2026-04-18 21:59:46.343 DEBUG com.hamradio.jhub.SpotEnricher — No DXCC entry for BH6BAS
2026-04-18 21:59:46.344 DEBUG com.hamradio.jhub.ClusterManager — Spot: BA3AX BH6BAS 14256000Hz
2026-04-18 21:59:57.840 DEBUG com.hamradio.jhub.ClusterManager — Spot: K1BZ VE3JM 3532500Hz
2026-04-18 22:00:01.271 DEBUG com.hamradio.jhub.ClusterManager — Spot: WB2PJH W4IX 7014500Hz
2026-04-18 22:00:18.807 DEBUG com.hamradio.jhub.ClusterManager — Spot: EU4E EU4E 7022900Hz
2026-04-18 22:00:41.480 INFO  com.hamradio.jhub.JHubServer — App 'webconfig' disconnected (code=1006, reason=)
2026-04-18 22:00:41.480 INFO  com.hamradio.jhub.MessageRouter — Routing: app 'webconfig' removed
2026-04-18 22:00:46.130 INFO  com.hamradio.jhub.AppLauncher — Stopped 'jMap'
2026-04-18 22:00:46.131 INFO  c.hamradio.jhub.ui.JHubStatusWindow — Stopped jMap from status window
2026-04-18 22:00:48.231 INFO  com.hamradio.jhub.AppLauncher — Stopped 'j-log'
2026-04-18 22:00:48.231 INFO  c.hamradio.jhub.ui.JHubStatusWindow — Stopped j-log from status window
2026-04-18 22:00:48.269 INFO  com.hamradio.jhub.JHubServer — App 'j-log' disconnected (code=1006, reason=)
2026-04-18 22:00:48.269 INFO  com.hamradio.jhub.MessageRouter — Routing: app 'j-log' removed
2026-04-18 22:00:53.037 DEBUG com.hamradio.jhub.SpotEnricher — No DXCC entry for BD4XGP
2026-04-18 22:00:53.043 DEBUG com.hamradio.jhub.ClusterManager — Spot: BA3AX BD4XGP 14256000Hz
2026-04-18 22:00:54.063 DEBUG com.hamradio.jhub.ClusterManager — Spot: VA3WB VE3KP 1827700Hz
2026-04-18 22:00:54.306 DEBUG com.hamradio.jhub.SpotEnricher — No DXCC entry for BA3RX
2026-04-18 22:00:54.307 DEBUG com.hamradio.jhub.ClusterManager — Spot: BD4XGP BA3RX 14256000Hz
2026-04-18 22:00:59.102 DEBUG com.hamradio.jhub.ClusterManager — Spot: NA8V K8GL 3544100Hz
2026-04-18 22:01:00.234 INFO  com.hamradio.jhub.JHubServer — New connection from /[0:0:0:0:0:0:0:1]:58872
2026-04-18 22:01:00.255 INFO  com.hamradio.jhub.JHubServer — App registered: webconfig v1.0.0
2026-04-18 22:01:00.266 DEBUG com.hamradio.jhub.JHubServer — State replayed to 'webconfig'
2026-04-18 22:01:13.964 INFO  com.hamradio.jhub.ClusterManager — Cluster disconnected (executors kept alive — reconnect available)
2026-04-18 22:01:13.965 DEBUG com.hamradio.jhub.SpotEnricher — No DXCC entry for VA3CCO
2026-04-18 22:01:13.964 INFO  com.hamradio.jhub.ClusterManager — Cluster disconnected (executors kept alive — reconnect available)
2026-04-18 22:01:13.966 DEBUG com.hamradio.jhub.ClusterManager — Spot: K1BZ VA3CCO 1830000Hz
2026-04-18 22:01:16.907 INFO  com.hamradio.jhub.JHubServer — App 'webconfig' disconnected (code=1006, reason=)
2026-04-18 22:01:16.907 INFO  com.hamradio.jhub.MessageRouter — Routing: app 'webconfig' removed
2026-04-18 22:01:19.602 INFO  c.hamradio.jhub.ui.JHubStatusWindow — Closing DX telnet session before exit
2026-04-18 22:01:19.605 INFO  com.hamradio.jhub.ClusterManager — ClusterManager disconnected and stopped
2026-04-18 22:01:19.610 INFO  com.hamradio.jhub.JHubMain — Shutdown initiated ...
2026-04-18 22:01:19.611 INFO  com.hamradio.jhub.JHubMain — SHUTDOWN broadcast sent to all connected apps — waiting 750 ms
2026-04-18 22:01:20.364 INFO  com.hamradio.jhub.ClusterManager — ClusterManager disconnected and stopped
2026-04-18 22:01:20.407 INFO  com.hamradio.jhub.JHubMain — J-Hub stopped.
2026-04-18 23:09:46.848 INFO  com.hamradio.jhub.JHubMain — === j-Hub starting  [WM3j ARS Suite] ===
2026-04-18 23:09:46.925 INFO  com.hamradio.jhub.ConfigManager — Configuration loaded from /home/mike/ARS_Suite/j-hub/j-hub.json
2026-04-18 23:09:46.927 INFO  com.hamradio.jhub.JHubMain — Config loaded — WS port 8080, web port 8081
2026-04-18 23:09:46.953 INFO  com.hamradio.jhub.SpotEnricher — DXCC prefix table loaded: 452 entries
2026-04-18 23:09:46.961 INFO  com.hamradio.jhub.JHubMain — WebSocket server listening on port 8080
2026-04-18 23:09:46.974 INFO  com.hamradio.jhub.JHubServer — JHubServer WebSocket listener started
2026-04-18 23:09:47.107 INFO  com.hamradio.jhub.WebConfigServer — Web config server started on port 8081
2026-04-18 23:09:47.107 INFO  com.hamradio.jhub.JHubMain — Web config UI at http://localhost:8081
2026-04-18 23:09:47.109 INFO  com.hamradio.jhub.JHubMain — Cluster autoConnect disabled — use Web Config UI to connect
2026-04-18 23:09:47.113 INFO  com.hamradio.jhub.JHubDiscovery — J-Hub discovery beacon started on UDP port 9999
2026-04-18 23:09:47.121 INFO  com.hamradio.jhub.AppLauncher — Launched 'jMap' (pid 54444) — cd /home/mike/ARS_Suite/j-map && mvn javafx:run -q
2026-04-18 23:09:47.124 INFO  com.hamradio.jhub.AppLauncher — Launched 'j-log' (pid 54449) — bash /home/mike/ARS_Suite/j-log/run.sh --launched-by-hub
2026-04-18 23:09:47.126 INFO  com.hamradio.jhub.AppLauncher — Launched 'j-bridge' (pid 54452) — bash /home/mike/ARS_Suite/j-bridge/run.sh --launched-by-hub
2026-04-18 23:09:47.128 INFO  com.hamradio.jhub.AppLauncher — Launched 'j-digi' (pid 54456) — bash /home/mike/ARS_Suite/j-digi/run.sh
2026-04-18 23:09:47.130 INFO  com.hamradio.jhub.JHubMain — Rig backend is 'NONE' — Hamlib controller not started
2026-04-18 23:09:47.131 INFO  com.hamradio.jhub.JHubMain — === j-Hub ready ===
2026-04-18 23:09:52.987 INFO  com.hamradio.jhub.JHubServer — New connection from /127.0.0.1:49110
2026-04-18 23:09:53.002 INFO  com.hamradio.jhub.JHubServer — App registered: j-map v1.0.0
2026-04-18 23:09:53.019 DEBUG com.hamradio.jhub.JHubServer — State replayed to 'j-map'
2026-04-18 23:10:02.434 INFO  com.hamradio.jhub.JHubServer — New connection from /127.0.0.1:49556
2026-04-18 23:10:02.477 INFO  com.hamradio.jhub.JHubServer — App registered: jBridge v1.0.0
2026-04-18 23:10:02.487 DEBUG com.hamradio.jhub.JHubServer — State replayed to 'jBridge'
2026-04-18 23:10:07.816 INFO  com.hamradio.jhub.JHubServer — New connection from /127.0.0.1:42076
2026-04-18 23:10:07.847 INFO  com.hamradio.jhub.JHubServer — App registered: j-digi v0.1.0
2026-04-18 23:10:07.855 DEBUG com.hamradio.jhub.JHubServer — State replayed to 'j-digi'
2026-04-18 23:10:11.692 INFO  com.hamradio.jhub.JHubServer — App 'j-digi' disconnected (code=1000, reason=)
2026-04-18 23:10:11.693 INFO  com.hamradio.jhub.MessageRouter — Routing: app 'j-digi' removed
2026-04-18 23:10:14.061 INFO  com.hamradio.jhub.JHubServer — App 'jBridge' disconnected (code=1000, reason=)
2026-04-18 23:10:14.061 INFO  com.hamradio.jhub.MessageRouter — Routing: app 'jBridge' removed
2026-04-18 23:10:17.211 INFO  com.hamradio.jhub.JHubServer — New connection from /127.0.0.1:35884
2026-04-18 23:10:17.221 INFO  com.hamradio.jhub.JHubServer — App registered: j-log v1.0.0
2026-04-18 23:10:17.224 DEBUG com.hamradio.jhub.JHubServer — State replayed to 'j-log'
2026-04-18 23:10:39.291 INFO  com.hamradio.jhub.JHubServer — App 'j-map' disconnected (code=1000, reason=)
2026-04-18 23:10:39.292 INFO  com.hamradio.jhub.MessageRouter — Routing: app 'j-map' removed
2026-04-18 23:10:44.292 INFO  com.hamradio.jhub.AppLauncher — Stopped 'j-log'
2026-04-18 23:10:44.292 INFO  c.hamradio.jhub.ui.JHubStatusWindow — Stopped j-log from status window
2026-04-18 23:10:44.328 INFO  com.hamradio.jhub.JHubServer — App 'j-log' disconnected (code=1006, reason=)
2026-04-18 23:10:44.328 INFO  com.hamradio.jhub.MessageRouter — Routing: app 'j-log' removed
2026-04-18 23:10:49.047 INFO  com.hamradio.jhub.AppLauncher — Stopped 'jMap'
2026-04-18 23:10:49.048 INFO  c.hamradio.jhub.ui.JHubStatusWindow — Stopped jMap from status window
2026-04-18 23:10:53.592 INFO  c.hamradio.jhub.ui.JHubStatusWindow — Closing DX telnet session before exit
2026-04-18 23:10:53.595 INFO  com.hamradio.jhub.ClusterManager — ClusterManager disconnected and stopped
2026-04-18 23:10:53.599 INFO  com.hamradio.jhub.JHubMain — Shutdown initiated ...
2026-04-18 23:10:53.600 INFO  com.hamradio.jhub.JHubMain — SHUTDOWN broadcast sent to all connected apps — waiting 750 ms
2026-04-18 23:10:54.354 INFO  c.hamradio.jhub.HamlibRigController — HamlibRigController stopped
2026-04-18 23:10:54.356 INFO  com.hamradio.jhub.ClusterManager — ClusterManager disconnected and stopped
2026-04-18 23:10:54.404 INFO  com.hamradio.jhub.JHubMain — J-Hub stopped.
